<?xml version="1.0" encoding="UTF-8"?>
<testsuite xmlns:xsi="http://www.w3.org/2001/XMLSchema-instance" xsi:noNamespaceSchemaLocation="https://maven.apache.org/surefire/maven-surefire-plugin/xsd/surefire-test-report.xsd" version="3.0.2" name="com.chambitasweb.chambitasweb.ChambitaswebApplicationTests" time="1.692" tests="1" errors="0" skipped="0" failures="0">
  <properties>
[...]
</properties>
  <testcase name="contextLoads" classname="com.chambitasweb.chambitasweb.ChambitaswebApplicationTests" time="0.303">
    <system-out><![CDATA[12:26:42.087 [main] INFO org.springframework.test.context.support.AnnotationConfigContextLoaderUtils -- Could not detect default configuration classes for test class [com.chambitasweb.chambitasweb.ChambitaswebApplicationTests]: ChambitaswebApplicationTests does not declare any static, non-private, non-final, nested classes annotated with @Configuration.
12:26:42.132 [main] INFO org.springframework.boot.test.context.SpringBootTestContextBootstrapper -- Found @SpringBootConfiguration com.chambitasweb.chambitasweb.ChambitaswebApplication for test class com.chambitasweb.chambitasweb.ChambitaswebApplicationTests
12:26:42.183 [main] INFO org.springframework.boot.devtools.restart.RestartApplicationListener -- Restart disabled due to context in which it is running

  .   ____          _            __ _ _
 /\\ / ___'_ __ _ _(_)_ __  __ _ \ \ \ \
( ( )\___ | '_ | '_| | '_ \/ _` | \ \ \ \
 \\/  ___)| |_)| | | | | || (_| |  ) ) ) )
  '  |____| .__|_| |_|_| |_\__, | / / / /
 =========|_|==============|___/=/_/_/_/

 :: Spring Boot ::                (v3.4.4)

2025-04-21T12:26:42.262-06:00 DEBUG 3449 --- [chambitasweb] [kground-preinit] o.h.v.i.xml.config.ValidationXmlParser   : Trying to load META-INF/validation.xml for XML based Validator configuration.
2025-04-21T12:26:42.263-06:00 DEBUG 3449 --- [chambitasweb] [kground-preinit] o.h.v.i.xml.config.ResourceLoaderHelper  : Trying to load META-INF/validation.xml via TCCL
2025-04-21T12:26:42.263-06:00 DEBUG 3449 --- [chambitasweb] [kground-preinit] o.h.v.i.xml.config.ResourceLoaderHelper  : Trying to load META-INF/validation.xml via Hibernate Validator's class loader
2025-04-21T12:26:42.263-06:00 DEBUG 3449 --- [chambitasweb] [kground-preinit] o.h.v.i.xml.config.ValidationXmlParser   : No META-INF/validation.xml found. Using annotation based configuration only.
2025-04-21T12:26:42.265-06:00 DEBUG 3449 --- [chambitasweb] [kground-preinit] o.h.v.i.e.resolver.TraversableResolvers  : Found jakarta.persistence.Persistence on classpath containing 'getPersistenceUtil'. Assuming JPA 2 environment. Trying to instantiate JPA aware TraversableResolver
2025-04-21T12:26:42.265-06:00 DEBUG 3449 --- [chambitasweb] [kground-preinit] o.h.v.i.e.resolver.TraversableResolvers  : Instantiated JPA aware TraversableResolver of type org.hibernate.validator.internal.engine.resolver.JPATraversableResolver.
2025-04-21T12:26:42.271-06:00  INFO 3449 --- [chambitasweb] [           main] c.c.c.ChambitaswebApplicationTests       : Starting ChambitaswebApplicationTests using Java 23.0.2 with PID 3449 (started by arturoluuna in /Users/arturoluuna/JavaProjectsVS/chambitasweb)
2025-04-21T12:26:42.271-06:00  INFO 3449 --- [chambitasweb] [           main] c.c.c.ChambitaswebApplicationTests       : No active profile set, falling back to 1 default profile: "default"
2025-04-21T12:26:42.272-06:00 DEBUG 3449 --- [chambitasweb] [           main] o.s.boot.SpringApplication               : Loading source class com.chambitasweb.chambitasweb.ChambitaswebApplication
2025-04-21T12:26:42.272-06:00 DEBUG 3449 --- [chambitasweb] [kground-preinit] .h.v.m.ResourceBundleMessageInterpolator : Loaded expression factory via original TCCL
2025-04-21T12:26:42.283-06:00 DEBUG 3449 --- [chambitasweb] [           main] o.s.w.c.s.GenericWebApplicationContext   : Refreshing org.springframework.web.context.support.GenericWebApplicationContext@4a8b5227
2025-04-21T12:26:42.289-06:00 DEBUG 3449 --- [chambitasweb] [           main] o.s.b.f.s.DefaultListableBeanFactory     : Creating shared instance of singleton bean 'org.springframework.context.annotation.internalConfigurationAnnotationProcessor'
2025-04-21T12:26:42.294-06:00 DEBUG 3449 --- [chambitasweb] [           main] o.s.b.f.s.DefaultListableBeanFactory     : Creating shared instance of singleton bean 'org.springframework.boot.autoconfigure.internalCachingMetadataReaderFactory'
2025-04-21T12:26:42.297-06:00 DEBUG 3449 --- [chambitasweb] [kground-preinit] .i.e.ValidatorFactoryConfigurationHelper : HV000252: Using org.hibernate.validator.internal.engine.DefaultPropertyNodeNameProvider as property node name provider.
2025-04-21T12:26:42.298-06:00 DEBUG 3449 --- [chambitasweb] [kground-preinit] .i.e.ValidatorFactoryConfigurationHelper : HV000234: Using org.hibernate.validator.messageinterpolation.ResourceBundleMessageInterpolator as ValidatorFactory-scoped message interpolator.
2025-04-21T12:26:42.298-06:00 DEBUG 3449 --- [chambitasweb] [kground-preinit] .i.e.ValidatorFactoryConfigurationHelper : HV000234: Using org.hibernate.validator.internal.engine.resolver.JPATraversableResolver as ValidatorFactory-scoped traversable resolver.
2025-04-21T12:26:42.298-06:00 DEBUG 3449 --- [chambitasweb] [kground-preinit] .i.e.ValidatorFactoryConfigurationHelper : HV000234: Using org.hibernate.validator.internal.util.ExecutableParameterNameProvider as ValidatorFactory-scoped parameter name provider.
2025-04-21T12:26:42.298-06:00 DEBUG 3449 --- [chambitasweb] [kground-preinit] .i.e.ValidatorFactoryConfigurationHelper : HV000234: Using org.hibernate.validator.internal.engine.DefaultClockProvider as ValidatorFactory-scoped clock provider.
2025-04-21T12:26:42.299-06:00 DEBUG 3449 --- [chambitasweb] [kground-preinit] .i.e.ValidatorFactoryConfigurationHelper : HV000234: Using org.hibernate.validator.internal.engine.scripting.DefaultScriptEvaluatorFactory as ValidatorFactory-scoped script evaluator factory.
2025-04-21T12:26:42.305-06:00 DEBUG 3449 --- [chambitasweb] [           main] o.s.c.a.ClassPathBeanDefinitionScanner   : Identified candidate component class: file [/Users/arturoluuna/JavaProjectsVS/chambitasweb/target/classes/com/chambitasweb/chambitasweb/PostgresDataSourceConfig.class]
2025-04-21T12:26:42.309-06:00 DEBUG 3449 --- [chambitasweb] [           main] o.s.c.a.ClassPathBeanDefinitionScanner   : Identified candidate component class: file [/Users/arturoluuna/JavaProjectsVS/chambitasweb/target/classes/com/chambitasweb/chambitasweb/controller/AuthController.class]
2025-04-21T12:26:42.311-06:00 DEBUG 3449 --- [chambitasweb] [           main] o.s.c.a.ClassPathBeanDefinitionScanner   : Identified candidate component class: file [/Users/arturoluuna/JavaProjectsVS/chambitasweb/target/classes/com/chambitasweb/chambitasweb/controller/UserController.class]
2025-04-21T12:26:42.313-06:00 DEBUG 3449 --- [chambitasweb] [           main] o.s.c.a.ClassPathBeanDefinitionScanner   : Ignored because not a concrete top-level class: file [/Users/arturoluuna/JavaProjectsVS/chambitasweb/target/classes/com/chambitasweb/chambitasweb/repository/UserRepository.class]
2025-04-21T12:26:42.314-06:00 DEBUG 3449 --- [chambitasweb] [           main] o.s.c.a.ClassPathBeanDefinitionScanner   : Identified candidate component class: file [/Users/arturoluuna/JavaProjectsVS/chambitasweb/target/classes/com/chambitasweb/chambitasweb/service/UserService.class]
2025-04-21T12:26:42.438-06:00  INFO 3449 --- [chambitasweb] [           main] .s.d.r.c.RepositoryConfigurationDelegate : Bootstrapping Spring Data JPA repositories in DEFAULT mode.
2025-04-21T12:26:42.442-06:00 DEBUG 3449 --- [chambitasweb] [           main] .s.d.r.c.RepositoryConfigurationDelegate : Scanning for JPA repositories in packages com.chambitasweb.repository.
2025-04-21T12:26:42.444-06:00 DEBUG 3449 --- [chambitasweb] [           main] .i.s.PathMatchingResourcePatternResolver : Skipping search for files matching pattern [**/*.class]: directory [/Users/arturoluuna/JavaProjectsVS/chambitasweb/target/test-classes/com/chambitasweb/repository] does not exist
2025-04-21T12:26:42.444-06:00 DEBUG 3449 --- [chambitasweb] [           main] .i.s.PathMatchingResourcePatternResolver : Skipping search for files matching pattern [**/*.class]: directory [/Users/arturoluuna/JavaProjectsVS/chambitasweb/target/classes/com/chambitasweb/repository] does not exist
2025-04-21T12:26:42.444-06:00  INFO 3449 --- [chambitasweb] [           main] .s.d.r.c.RepositoryConfigurationDelegate : Finished Spring Data repository scanning in 1 ms. Found 0 JPA repository interfaces.
2025-04-21T12:26:42.446-06:00  INFO 3449 --- [chambitasweb] [           main] .s.d.r.c.RepositoryConfigurationDelegate : Bootstrapping Spring Data JPA repositories in DEFAULT mode.
2025-04-21T12:26:42.447-06:00 DEBUG 3449 --- [chambitasweb] [           main] .s.d.r.c.RepositoryConfigurationDelegate : Scanning for JPA repositories in packages com.chambitasweb.chambitasweb.repository.
2025-04-21T12:26:42.447-06:00 DEBUG 3449 --- [chambitasweb] [           main] .i.s.PathMatchingResourcePatternResolver : Skipping search for files matching pattern [**/*.class]: directory [/Users/arturoluuna/JavaProjectsVS/chambitasweb/target/test-classes/com/chambitasweb/chambitasweb/repository] does not exist
2025-04-21T12:26:42.448-06:00 DEBUG 3449 --- [chambitasweb] [           main] o.s.d.r.c.RepositoryComponentProvider    : Identified candidate component class: file [/Users/arturoluuna/JavaProjectsVS/chambitasweb/target/classes/com/chambitasweb/chambitasweb/repository/UserRepository.class]
2025-04-21T12:26:42.457-06:00 DEBUG 3449 --- [chambitasweb] [           main] .i.s.PathMatchingResourcePatternResolver : Skipping search for files matching pattern [**/*Impl.class]: directory [/Users/arturoluuna/JavaProjectsVS/chambitasweb/target/test-classes/com/chambitasweb/chambitasweb/repository] does not exist
2025-04-21T12:26:42.460-06:00  INFO 3449 --- [chambitasweb] [           main] .s.d.r.c.RepositoryConfigurationDelegate : Finished Spring Data repository scanning in 13 ms. Found 1 JPA repository interface.
2025-04-21T12:26:42.560-06:00 DEBUG 3449 --- [chambitasweb] [           main] o.s.b.f.s.DefaultListableBeanFactory     : Creating shared instance of singleton bean 'propertySourcesPlaceholderConfigurer'
2025-04-21T12:26:42.563-06:00 DEBUG 3449 --- [chambitasweb] [           main] o.s.b.f.s.DefaultListableBeanFactory     : Creating shared instance of singleton bean 'org.springframework.boot.test.mock.mockito.MockitoPostProcessor'
2025-04-21T12:26:42.565-06:00 DEBUG 3449 --- [chambitasweb] [           main] o.s.b.f.s.DefaultListableBeanFactory     : Creating shared instance of singleton bean 'emBeanDefinitionRegistrarPostProcessor'
2025-04-21T12:26:42.565-06:00 DEBUG 3449 --- [chambitasweb] [           main] o.s.b.f.s.DefaultListableBeanFactory     : Creating shared instance of singleton bean 'org.springframework.boot.sql.init.dependency.DatabaseInitializationDependencyConfigurer$DependsOnDatabaseInitializationPostProcessor'
2025-04-21T12:26:42.580-06:00 DEBUG 3449 --- [chambitasweb] [           main] o.s.b.f.s.DefaultListableBeanFactory     : Creating shared instance of singleton bean 'org.springframework.context.event.internalEventListenerProcessor'
2025-04-21T12:26:42.580-06:00 DEBUG 3449 --- [chambitasweb] [           main] o.s.b.f.s.DefaultListableBeanFactory     : Creating shared instance of singleton bean 'preserveErrorControllerTargetClassPostProcessor'
2025-04-21T12:26:42.581-06:00 DEBUG 3449 --- [chambitasweb] [           main] o.s.b.f.s.DefaultListableBeanFactory     : Creating shared instance of singleton bean 'org.springframework.context.event.internalEventListenerFactory'
2025-04-21T12:26:42.581-06:00 DEBUG 3449 --- [chambitasweb] [           main] o.s.b.f.s.DefaultListableBeanFactory     : Creating shared instance of singleton bean 'org.springframework.transaction.config.internalTransactionalEventListenerFactory'
2025-04-21T12:26:42.582-06:00 DEBUG 3449 --- [chambitasweb] [           main] o.s.b.f.s.DefaultListableBeanFactory     : Creating shared instance of singleton bean 'org.springframework.boot.test.mock.mockito.MockitoPostProcessor$SpyPostProcessor'
2025-04-21T12:26:42.582-06:00 DEBUG 3449 --- [chambitasweb] [           main] o.s.b.f.s.DefaultListableBeanFactory     : Creating shared instance of singleton bean 'org.springframework.context.annotation.internalAutowiredAnnotationProcessor'
2025-04-21T12:26:42.583-06:00 DEBUG 3449 --- [chambitasweb] [           main] o.s.b.f.s.DefaultListableBeanFactory     : Creating shared instance of singleton bean 'org.springframework.context.annotation.internalCommonAnnotationProcessor'
2025-04-21T12:26:42.584-06:00 DEBUG 3449 --- [chambitasweb] [           main] o.s.b.f.s.DefaultListableBeanFactory     : Creating shared instance of singleton bean 'org.springframework.context.annotation.internalPersistenceAnnotationProcessor'
2025-04-21T12:26:42.584-06:00 DEBUG 3449 --- [chambitasweb] [           main] o.s.b.f.s.DefaultListableBeanFactory     : Creating shared instance of singleton bean 'org.springframework.boot.context.properties.ConfigurationPropertiesBindingPostProcessor'
2025-04-21T12:26:42.584-06:00 DEBUG 3449 --- [chambitasweb] [           main] o.s.b.f.s.DefaultListableBeanFactory     : Creating shared instance of singleton bean 'org.springframework.boot.context.internalConfigurationPropertiesBinder'
2025-04-21T12:26:42.585-06:00 DEBUG 3449 --- [chambitasweb] [           main] o.s.b.f.s.DefaultListableBeanFactory     : Creating shared instance of singleton bean 'org.springframework.aop.config.internalAutoProxyCreator'
2025-04-21T12:26:42.591-06:00 DEBUG 3449 --- [chambitasweb] [           main] o.s.b.f.s.DefaultListableBeanFactory     : Creating shared instance of singleton bean 'methodValidationPostProcessor'
2025-04-21T12:26:42.593-06:00 DEBUG 3449 --- [chambitasweb] [           main] o.s.b.f.s.DefaultListableBeanFactory     : Autowiring by type from bean name 'methodValidationPostProcessor' via factory method to bean named 'environment'
2025-04-21T12:26:42.597-06:00 DEBUG 3449 --- [chambitasweb] [           main] o.s.b.f.s.DefaultListableBeanFactory     : Creating shared instance of singleton bean 'org.springframework.boot.context.properties.EnableConfigurationPropertiesRegistrar.methodValidationExcludeFilter'
2025-04-21T12:26:42.601-06:00 DEBUG 3449 --- [chambitasweb] [           main] o.s.b.f.s.DefaultListableBeanFactory     : Creating shared instance of singleton bean 'persistenceExceptionTranslationPostProcessor'
2025-04-21T12:26:42.602-06:00 DEBUG 3449 --- [chambitasweb] [           main] o.s.b.f.s.DefaultListableBeanFactory     : Autowiring by type from bean name 'persistenceExceptionTranslationPostProcessor' via factory method to bean named 'environment'
2025-04-21T12:26:42.602-06:00 DEBUG 3449 --- [chambitasweb] [           main] o.s.b.f.s.DefaultListableBeanFactory     : Creating shared instance of singleton bean 'webServerFactoryCustomizerBeanPostProcessor'
2025-04-21T12:26:42.602-06:00 DEBUG 3449 --- [chambitasweb] [           main] o.s.b.f.s.DefaultListableBeanFactory     : Creating shared instance of singleton bean 'errorPageRegistrarBeanPostProcessor'
2025-04-21T12:26:42.603-06:00 DEBUG 3449 --- [chambitasweb] [           main] o.s.b.f.s.DefaultListableBeanFactory     : Creating shared instance of singleton bean 'projectingArgumentResolverBeanPostProcessor'
2025-04-21T12:26:42.603-06:00 DEBUG 3449 --- [chambitasweb] [           main] o.s.b.f.s.DefaultListableBeanFactory     : Creating shared instance of singleton bean 'org.springframework.transaction.config.internalTransactionAdvisor'
2025-04-21T12:26:42.603-06:00 DEBUG 3449 --- [chambitasweb] [           main] o.s.b.f.s.DefaultListableBeanFactory     : Creating shared instance of singleton bean 'org.springframework.transaction.annotation.ProxyTransactionManagementConfiguration'
2025-04-21T12:26:42.606-06:00 DEBUG 3449 --- [chambitasweb] [           main] o.s.b.f.s.DefaultListableBeanFactory     : Creating shared instance of singleton bean 'transactionAttributeSource'
2025-04-21T12:26:42.606-06:00 DEBUG 3449 --- [chambitasweb] [           main] o.s.b.f.s.DefaultListableBeanFactory     : Creating shared instance of singleton bean 'transactionInterceptor'
2025-04-21T12:26:42.606-06:00 DEBUG 3449 --- [chambitasweb] [           main] o.s.b.f.s.DefaultListableBeanFactory     : Autowiring by type from bean name 'transactionInterceptor' via factory method to bean named 'transactionAttributeSource'
2025-04-21T12:26:42.611-06:00 DEBUG 3449 --- [chambitasweb] [           main] o.s.b.f.s.DefaultListableBeanFactory     : Autowiring by type from bean name 'org.springframework.transaction.config.internalTransactionAdvisor' via factory method to bean named 'transactionAttributeSource'
2025-04-21T12:26:42.611-06:00 DEBUG 3449 --- [chambitasweb] [           main] o.s.b.f.s.DefaultListableBeanFactory     : Autowiring by type from bean name 'org.springframework.transaction.config.internalTransactionAdvisor' via factory method to bean named 'transactionInterceptor'
2025-04-21T12:26:42.618-06:00 DEBUG 3449 --- [chambitasweb] [           main] o.s.u.c.s.UiApplicationContextUtils      : Unable to locate ThemeSource with name 'themeSource': using default [org.springframework.ui.context.support.ResourceBundleThemeSource@30ec7d21]
2025-04-21T12:26:42.619-06:00 DEBUG 3449 --- [chambitasweb] [           main] o.s.b.f.s.DefaultListableBeanFactory     : Creating shared instance of singleton bean 'org.springframework.test.context.support.internalDynamicPropertyRegistrarBeanInitializer'
2025-04-21T12:26:42.619-06:00 DEBUG 3449 --- [chambitasweb] [           main] o.s.b.f.s.DefaultListableBeanFactory     : Creating shared instance of singleton bean 'dataSourceScriptDatabaseInitializer'
2025-04-21T12:26:42.619-06:00 DEBUG 3449 --- [chambitasweb] [           main] o.s.b.f.s.DefaultListableBeanFactory     : Creating shared instance of singleton bean 'org.springframework.boot.autoconfigure.sql.init.DataSourceInitializationConfiguration'
2025-04-21T12:26:42.620-06:00 DEBUG 3449 --- [chambitasweb] [           main] o.s.b.f.s.DefaultListableBeanFactory     : Creating shared instance of singleton bean 'dataSource'
2025-04-21T12:26:42.620-06:00 DEBUG 3449 --- [chambitasweb] [           main] o.s.b.f.s.DefaultListableBeanFactory     : Creating shared instance of singleton bean 'postgresDataSourceConfig'
2025-04-21T12:26:42.626-06:00 DEBUG 3449 --- [chambitasweb] [           main] o.s.b.f.s.DefaultListableBeanFactory     : Creating shared instance of singleton bean 'spring.sql.init-org.springframework.boot.autoconfigure.sql.init.SqlInitializationProperties'
2025-04-21T12:26:42.626-06:00 DEBUG 3449 --- [chambitasweb] [           main] o.s.b.f.s.DefaultListableBeanFactory     : Creating shared instance of singleton bean 'org.springframework.boot.context.properties.BoundConfigurationProperties'
2025-04-21T12:26:42.629-06:00 DEBUG 3449 --- [chambitasweb] [           main] o.s.b.f.s.DefaultListableBeanFactory     : Autowiring by type from bean name 'dataSourceScriptDatabaseInitializer' via factory method to bean named 'dataSource'
2025-04-21T12:26:42.630-06:00 DEBUG 3449 --- [chambitasweb] [           main] o.s.b.f.s.DefaultListableBeanFactory     : Autowiring by type from bean name 'dataSourceScriptDatabaseInitializer' via factory method to bean named 'spring.sql.init-org.springframework.boot.autoconfigure.sql.init.SqlInitializationProperties'
2025-04-21T12:26:42.631-06:00 DEBUG 3449 --- [chambitasweb] [           main] o.s.b.f.s.DefaultListableBeanFactory     : Creating shared instance of singleton bean 'entityManagerFactory'
2025-04-21T12:26:42.631-06:00 DEBUG 3449 --- [chambitasweb] [           main] o.s.b.f.s.DefaultListableBeanFactory     : Creating shared instance of singleton bean 'entityManagerFactoryBuilder'
2025-04-21T12:26:42.631-06:00 DEBUG 3449 --- [chambitasweb] [           main] o.s.b.f.s.DefaultListableBeanFactory     : Creating shared instance of singleton bean 'org.springframework.boot.autoconfigure.orm.jpa.HibernateJpaConfiguration'
2025-04-21T12:26:42.632-06:00 DEBUG 3449 --- [chambitasweb] [           main] o.s.b.f.s.DefaultListableBeanFactory     : Creating shared instance of singleton bean 'spring.jpa-org.springframework.boot.autoconfigure.orm.jpa.JpaProperties'
2025-04-21T12:26:42.634-06:00 DEBUG 3449 --- [chambitasweb] [           main] o.s.b.f.s.DefaultListableBeanFactory     : Creating shared instance of singleton bean 'spring.jpa.hibernate-org.springframework.boot.autoconfigure.orm.jpa.HibernateProperties'
2025-04-21T12:26:42.635-06:00 DEBUG 3449 --- [chambitasweb] [           main] o.s.b.f.s.DefaultListableBeanFactory     : Autowiring by type from bean name 'org.springframework.boot.autoconfigure.orm.jpa.HibernateJpaConfiguration' via constructor to bean named 'dataSource'
2025-04-21T12:26:42.635-06:00 DEBUG 3449 --- [chambitasweb] [           main] o.s.b.f.s.DefaultListableBeanFactory     : Autowiring by type from bean name 'org.springframework.boot.autoconfigure.orm.jpa.HibernateJpaConfiguration' via constructor to bean named 'spring.jpa-org.springframework.boot.autoconfigure.orm.jpa.JpaProperties'
2025-04-21T12:26:42.635-06:00 DEBUG 3449 --- [chambitasweb] [           main] o.s.b.f.s.DefaultListableBeanFactory     : Autowiring by type from bean name 'org.springframework.boot.autoconfigure.orm.jpa.HibernateJpaConfiguration' via constructor to bean named 'org.springframework.beans.factory.support.DefaultListableBeanFactory@bcb09a6'
2025-04-21T12:26:42.635-06:00 DEBUG 3449 --- [chambitasweb] [           main] o.s.b.f.s.DefaultListableBeanFactory     : Autowiring by type from bean name 'org.springframework.boot.autoconfigure.orm.jpa.HibernateJpaConfiguration' via constructor to bean named 'spring.jpa.hibernate-org.springframework.boot.autoconfigure.orm.jpa.HibernateProperties'
2025-04-21T12:26:42.636-06:00 DEBUG 3449 --- [chambitasweb] [           main] o.s.b.f.s.DefaultListableBeanFactory     : Creating shared instance of singleton bean 'hikariPoolDataSourceMetadataProvider'
2025-04-21T12:26:42.636-06:00 DEBUG 3449 --- [chambitasweb] [           main] o.s.b.f.s.DefaultListableBeanFactory     : Creating shared instance of singleton bean 'org.springframework.boot.autoconfigure.jdbc.metadata.DataSourcePoolMetadataProvidersConfiguration$HikariPoolDataSourceMetadataProviderConfiguration'
2025-04-21T12:26:42.638-06:00 DEBUG 3449 --- [chambitasweb] [           main] o.s.b.f.s.DefaultListableBeanFactory     : Creating shared instance of singleton bean 'jpaVendorAdapter'
2025-04-21T12:26:42.643-06:00 DEBUG 3449 --- [chambitasweb] [           main] o.s.b.f.s.DefaultListableBeanFactory     : Autowiring by type from bean name 'entityManagerFactoryBuilder' via factory method to bean named 'jpaVendorAdapter'
2025-04-21T12:26:42.645-06:00 DEBUG 3449 --- [chambitasweb] [           main] o.s.b.f.s.DefaultListableBeanFactory     : Autowiring by type from bean name 'entityManagerFactory' via factory method to bean named 'entityManagerFactoryBuilder'
2025-04-21T12:26:42.645-06:00 DEBUG 3449 --- [chambitasweb] [           main] o.s.b.f.s.DefaultListableBeanFactory     : Autowiring by type from bean name 'entityManagerFactory' via factory method to bean named 'dataSource'
2025-04-21T12:26:42.651-06:00 DEBUG 3449 --- [chambitasweb] [           main] .i.s.PathMatchingResourcePatternResolver : Skipping search for files matching pattern [**/*.class]: directory [/Users/arturoluuna/JavaProjectsVS/chambitasweb/target/test-classes/com/chambitasweb/chambitasweb/models] does not exist
2025-04-21T12:26:42.653-06:00 DEBUG 3449 --- [chambitasweb] [           main] j.LocalContainerEntityManagerFactoryBean : Building JPA container EntityManagerFactory for persistence unit 'postgres'
2025-04-21T12:26:42.660-06:00 DEBUG 3449 --- [chambitasweb] [           main] o.hibernate.jpa.internal.util.LogHelper  : PersistenceUnitInfo [
	name: postgres
	persistence provider classname: null
	classloader: jdk.internal.loader.ClassLoaders$AppClassLoader@18ff02e4
	excludeUnlistedClasses: true
	JTA datasource: null
	Non JTA datasource: HikariDataSource (null)
	Transaction type: RESOURCE_LOCAL
	PU root URL: file:/Users/arturoluuna/JavaProjectsVS/chambitasweb/target/test-classes/
	Shared Cache Mode: UNSPECIFIED
	Validation Mode: AUTO
	Jar files URLs []
	Managed classes names [
		com.chambitasweb.chambitasweb.models.User]
	Mapping files names []
	Properties []
2025-04-21T12:26:42.663-06:00 DEBUG 3449 --- [chambitasweb] [           main] o.h.i.internal.IntegratorServiceImpl     : Adding Integrator [org.hibernate.cfg.beanvalidation.BeanValidationIntegrator].
2025-04-21T12:26:42.664-06:00 DEBUG 3449 --- [chambitasweb] [           main] o.h.i.internal.IntegratorServiceImpl     : Adding Integrator [org.hibernate.cache.internal.CollectionCacheInvalidator].
2025-04-21T12:26:42.679-06:00  INFO 3449 --- [chambitasweb] [           main] org.hibernate.Version                    : HHH000412: Hibernate ORM core version 6.1.5.Final
2025-04-21T12:26:42.680-06:00 DEBUG 3449 --- [chambitasweb] [           main] org.hibernate.cfg.Environment            : HHH000206: hibernate.properties not found
2025-04-21T12:26:42.733-06:00 DEBUG 3449 --- [chambitasweb] [           main] org.hibernate.orm.idgen.factory          : Registering IdentifierGenerator strategy [uuid2] -> [org.hibernate.id.UUIDGenerator]
2025-04-21T12:26:42.733-06:00 DEBUG 3449 --- [chambitasweb] [           main] org.hibernate.orm.idgen.factory          : Registering IdentifierGenerator strategy [guid] -> [org.hibernate.id.GUIDGenerator]
2025-04-21T12:26:42.733-06:00 DEBUG 3449 --- [chambitasweb] [           main] org.hibernate.orm.idgen.factory          : Registering IdentifierGenerator strategy [uuid] -> [org.hibernate.id.UUIDHexGenerator]
2025-04-21T12:26:42.733-06:00 DEBUG 3449 --- [chambitasweb] [           main] org.hibernate.orm.idgen.factory          : Registering IdentifierGenerator strategy [uuid.hex] -> [org.hibernate.id.UUIDHexGenerator]
2025-04-21T12:26:42.733-06:00 DEBUG 3449 --- [chambitasweb] [           main] org.hibernate.orm.idgen.factory          : Registering IdentifierGenerator strategy [assigned] -> [org.hibernate.id.Assigned]
2025-04-21T12:26:42.734-06:00 DEBUG 3449 --- [chambitasweb] [           main] org.hibernate.orm.idgen.factory          : Registering IdentifierGenerator strategy [identity] -> [org.hibernate.id.IdentityGenerator]
2025-04-21T12:26:42.734-06:00 DEBUG 3449 --- [chambitasweb] [           main] org.hibernate.orm.idgen.factory          : Registering IdentifierGenerator strategy [select] -> [org.hibernate.id.SelectGenerator]
2025-04-21T12:26:42.734-06:00 DEBUG 3449 --- [chambitasweb] [           main] org.hibernate.orm.idgen.factory          : Registering IdentifierGenerator strategy [sequence] -> [org.hibernate.id.enhanced.SequenceStyleGenerator]
2025-04-21T12:26:42.734-06:00 DEBUG 3449 --- [chambitasweb] [           main] org.hibernate.orm.idgen.factory          : Registering IdentifierGenerator strategy [increment] -> [org.hibernate.id.IncrementGenerator]
2025-04-21T12:26:42.734-06:00 DEBUG 3449 --- [chambitasweb] [           main] org.hibernate.orm.idgen.factory          : Registering IdentifierGenerator strategy [foreign] -> [org.hibernate.id.ForeignGenerator]
2025-04-21T12:26:42.734-06:00 DEBUG 3449 --- [chambitasweb] [           main] org.hibernate.orm.idgen.factory          : Registering IdentifierGenerator strategy [enhanced-sequence] -> [org.hibernate.id.enhanced.SequenceStyleGenerator]
2025-04-21T12:26:42.735-06:00 DEBUG 3449 --- [chambitasweb] [           main] org.hibernate.orm.idgen.factory          : Registering IdentifierGenerator strategy [enhanced-table] -> [org.hibernate.id.enhanced.TableGenerator]
2025-04-21T12:26:42.736-06:00  WARN 3449 --- [chambitasweb] [           main] org.hibernate.orm.deprecation            : HHH90000021: Encountered deprecated setting [javax.persistence.sharedCache.mode], use [jakarta.persistence.sharedCache.mode] instead
2025-04-21T12:26:42.736-06:00 DEBUG 3449 --- [chambitasweb] [           main] o.h.c.internal.RegionFactoryInitiator    : Cannot default RegionFactory based on registered strategies as `[]` RegionFactory strategies were registered
2025-04-21T12:26:42.737-06:00 DEBUG 3449 --- [chambitasweb] [           main] o.h.c.internal.RegionFactoryInitiator    : Cache region factory : org.hibernate.cache.internal.NoCachingRegionFactory
2025-04-21T12:26:42.756-06:00 DEBUG 3449 --- [chambitasweb] [           main] o.h.t.d.jdbc.spi.JdbcTypeRegistry        : addDescriptor(FloatTypeDescriptor) replaced previous registration(DoubleTypeDescriptor)
2025-04-21T12:26:42.759-06:00 DEBUG 3449 --- [chambitasweb] [           main] org.hibernate.type.BasicTypeRegistry     : Adding type registration boolean -> org.hibernate.type.BasicTypeReference@5e905f2c
2025-04-21T12:26:42.759-06:00 DEBUG 3449 --- [chambitasweb] [           main] org.hibernate.type.BasicTypeRegistry     : Adding type registration boolean -> org.hibernate.type.BasicTypeReference@5e905f2c
2025-04-21T12:26:42.759-06:00 DEBUG 3449 --- [chambitasweb] [           main] org.hibernate.type.BasicTypeRegistry     : Adding type registration java.lang.Boolean -> org.hibernate.type.BasicTypeReference@5e905f2c
2025-04-21T12:26:42.759-06:00 DEBUG 3449 --- [chambitasweb] [           main] org.hibernate.type.BasicTypeRegistry     : Adding type registration numeric_boolean -> org.hibernate.type.BasicTypeReference@fddd7ae
2025-04-21T12:26:42.759-06:00 DEBUG 3449 --- [chambitasweb] [           main] org.hibernate.type.BasicTypeRegistry     : Adding type registration org.hibernate.type.NumericBooleanConverter -> org.hibernate.type.BasicTypeReference@fddd7ae
2025-04-21T12:26:42.759-06:00 DEBUG 3449 --- [chambitasweb] [           main] org.hibernate.type.BasicTypeRegistry     : Adding type registration true_false -> org.hibernate.type.BasicTypeReference@3f6cce7f
2025-04-21T12:26:42.759-06:00 DEBUG 3449 --- [chambitasweb] [           main] org.hibernate.type.BasicTypeRegistry     : Adding type registration org.hibernate.type.TrueFalseConverter -> org.hibernate.type.BasicTypeReference@3f6cce7f
2025-04-21T12:26:42.760-06:00 DEBUG 3449 --- [chambitasweb] [           main] org.hibernate.type.BasicTypeRegistry     : Adding type registration yes_no -> org.hibernate.type.BasicTypeReference@2725ca05
2025-04-21T12:26:42.760-06:00 DEBUG 3449 --- [chambitasweb] [           main] org.hibernate.type.BasicTypeRegistry     : Adding type registration org.hibernate.type.YesNoConverter -> org.hibernate.type.BasicTypeReference@2725ca05
2025-04-21T12:26:42.760-06:00 DEBUG 3449 --- [chambitasweb] [           main] org.hibernate.type.BasicTypeRegistry     : Adding type registration byte -> org.hibernate.type.BasicTypeReference@7b9088f2
2025-04-21T12:26:42.760-06:00 DEBUG 3449 --- [chambitasweb] [           main] org.hibernate.type.BasicTypeRegistry     : Adding type registration byte -> org.hibernate.type.BasicTypeReference@7b9088f2
2025-04-21T12:26:42.760-06:00 DEBUG 3449 --- [chambitasweb] [           main] org.hibernate.type.BasicTypeRegistry     : Adding type registration java.lang.Byte -> org.hibernate.type.BasicTypeReference@7b9088f2
2025-04-21T12:26:42.760-06:00 DEBUG 3449 --- [chambitasweb] [           main] org.hibernate.type.BasicTypeRegistry     : Adding type registration binary -> org.hibernate.type.BasicTypeReference@1a914089
2025-04-21T12:26:42.760-06:00 DEBUG 3449 --- [chambitasweb] [           main] org.hibernate.type.BasicTypeRegistry     : Adding type registration byte[] -> org.hibernate.type.BasicTypeReference@1a914089
2025-04-21T12:26:42.760-06:00 DEBUG 3449 --- [chambitasweb] [           main] org.hibernate.type.BasicTypeRegistry     : Adding type registration [B -> org.hibernate.type.BasicTypeReference@1a914089
2025-04-21T12:26:42.760-06:00 DEBUG 3449 --- [chambitasweb] [           main] org.hibernate.type.BasicTypeRegistry     : Adding type registration binary_wrapper -> org.hibernate.type.BasicTypeReference@43d76a92
2025-04-21T12:26:42.760-06:00 DEBUG 3449 --- [chambitasweb] [           main] org.hibernate.type.BasicTypeRegistry     : Adding type registration wrapper-binary -> org.hibernate.type.BasicTypeReference@43d76a92
2025-04-21T12:26:42.760-06:00 DEBUG 3449 --- [chambitasweb] [           main] org.hibernate.type.BasicTypeRegistry     : Adding type registration Byte[] -> org.hibernate.type.BasicTypeReference@43d76a92
2025-04-21T12:26:42.760-06:00 DEBUG 3449 --- [chambitasweb] [           main] org.hibernate.type.BasicTypeRegistry     : Adding type registration [Ljava.lang.Byte; -> org.hibernate.type.BasicTypeReference@43d76a92
2025-04-21T12:26:42.760-06:00 DEBUG 3449 --- [chambitasweb] [           main] org.hibernate.type.BasicTypeRegistry     : Adding type registration image -> org.hibernate.type.BasicTypeReference@4a2bf50f
2025-04-21T12:26:42.760-06:00 DEBUG 3449 --- [chambitasweb] [           main] org.hibernate.type.BasicTypeRegistry     : Adding type registration blob -> org.hibernate.type.BasicTypeReference@350323a0
2025-04-21T12:26:42.760-06:00 DEBUG 3449 --- [chambitasweb] [           main] org.hibernate.type.BasicTypeRegistry     : Adding type registration java.sql.Blob -> org.hibernate.type.BasicTypeReference@350323a0
2025-04-21T12:26:42.760-06:00 DEBUG 3449 --- [chambitasweb] [           main] org.hibernate.type.BasicTypeRegistry     : Adding type registration materialized_blob -> org.hibernate.type.BasicTypeReference@2506b881
2025-04-21T12:26:42.760-06:00 DEBUG 3449 --- [chambitasweb] [           main] org.hibernate.type.BasicTypeRegistry     : Adding type registration materialized_blob_wrapper -> org.hibernate.type.BasicTypeReference@5d7dd549
2025-04-21T12:26:42.760-06:00 DEBUG 3449 --- [chambitasweb] [           main] org.hibernate.type.BasicTypeRegistry     : Adding type registration short -> org.hibernate.type.BasicTypeReference@486bd064
2025-04-21T12:26:42.760-06:00 DEBUG 3449 --- [chambitasweb] [           main] org.hibernate.type.BasicTypeRegistry     : Adding type registration short -> org.hibernate.type.BasicTypeReference@486bd064
2025-04-21T12:26:42.760-06:00 DEBUG 3449 --- [chambitasweb] [           main] org.hibernate.type.BasicTypeRegistry     : Adding type registration java.lang.Short -> org.hibernate.type.BasicTypeReference@486bd064
2025-04-21T12:26:42.760-06:00 DEBUG 3449 --- [chambitasweb] [           main] org.hibernate.type.BasicTypeRegistry     : Adding type registration integer -> org.hibernate.type.BasicTypeReference@6459f4ea
2025-04-21T12:26:42.760-06:00 DEBUG 3449 --- [chambitasweb] [           main] org.hibernate.type.BasicTypeRegistry     : Adding type registration int -> org.hibernate.type.BasicTypeReference@6459f4ea
2025-04-21T12:26:42.760-06:00 DEBUG 3449 --- [chambitasweb] [           main] org.hibernate.type.BasicTypeRegistry     : Adding type registration java.lang.Integer -> org.hibernate.type.BasicTypeReference@6459f4ea
2025-04-21T12:26:42.760-06:00 DEBUG 3449 --- [chambitasweb] [           main] org.hibernate.type.BasicTypeRegistry     : Adding type registration long -> org.hibernate.type.BasicTypeReference@740b9a50
2025-04-21T12:26:42.760-06:00 DEBUG 3449 --- [chambitasweb] [           main] org.hibernate.type.BasicTypeRegistry     : Adding type registration long -> org.hibernate.type.BasicTypeReference@740b9a50
2025-04-21T12:26:42.760-06:00 DEBUG 3449 --- [chambitasweb] [           main] org.hibernate.type.BasicTypeRegistry     : Adding type registration java.lang.Long -> org.hibernate.type.BasicTypeReference@740b9a50
2025-04-21T12:26:42.760-06:00 DEBUG 3449 --- [chambitasweb] [           main] org.hibernate.type.BasicTypeRegistry     : Adding type registration float -> org.hibernate.type.BasicTypeReference@476fde05
2025-04-21T12:26:42.760-06:00 DEBUG 3449 --- [chambitasweb] [           main] org.hibernate.type.BasicTypeRegistry     : Adding type registration float -> org.hibernate.type.BasicTypeReference@476fde05
2025-04-21T12:26:42.760-06:00 DEBUG 3449 --- [chambitasweb] [           main] org.hibernate.type.BasicTypeRegistry     : Adding type registration java.lang.Float -> org.hibernate.type.BasicTypeReference@476fde05
2025-04-21T12:26:42.760-06:00 DEBUG 3449 --- [chambitasweb] [           main] org.hibernate.type.BasicTypeRegistry     : Adding type registration double -> org.hibernate.type.BasicTypeReference@5111de7c
2025-04-21T12:26:42.761-06:00 DEBUG 3449 --- [chambitasweb] [           main] org.hibernate.type.BasicTypeRegistry     : Adding type registration double -> org.hibernate.type.BasicTypeReference@5111de7c
2025-04-21T12:26:42.761-06:00 DEBUG 3449 --- [chambitasweb] [           main] org.hibernate.type.BasicTypeRegistry     : Adding type registration java.lang.Double -> org.hibernate.type.BasicTypeReference@5111de7c
2025-04-21T12:26:42.761-06:00 DEBUG 3449 --- [chambitasweb] [           main] org.hibernate.type.BasicTypeRegistry     : Adding type registration big_integer -> org.hibernate.type.BasicTypeReference@7ac48e10
2025-04-21T12:26:42.761-06:00 DEBUG 3449 --- [chambitasweb] [           main] org.hibernate.type.BasicTypeRegistry     : Adding type registration java.math.BigInteger -> org.hibernate.type.BasicTypeReference@7ac48e10
2025-04-21T12:26:42.761-06:00 DEBUG 3449 --- [chambitasweb] [           main] org.hibernate.type.BasicTypeRegistry     : Adding type registration big_decimal -> org.hibernate.type.BasicTypeReference@52354202
2025-04-21T12:26:42.761-06:00 DEBUG 3449 --- [chambitasweb] [           main] org.hibernate.type.BasicTypeRegistry     : Adding type registration java.math.BigDecimal -> org.hibernate.type.BasicTypeReference@52354202
2025-04-21T12:26:42.761-06:00 DEBUG 3449 --- [chambitasweb] [           main] org.hibernate.type.BasicTypeRegistry     : Adding type registration character -> org.hibernate.type.BasicTypeReference@6b1321b7
2025-04-21T12:26:42.761-06:00 DEBUG 3449 --- [chambitasweb] [           main] org.hibernate.type.BasicTypeRegistry     : Adding type registration char -> org.hibernate.type.BasicTypeReference@6b1321b7
2025-04-21T12:26:42.761-06:00 DEBUG 3449 --- [chambitasweb] [           main] org.hibernate.type.BasicTypeRegistry     : Adding type registration java.lang.Character -> org.hibernate.type.BasicTypeReference@6b1321b7
2025-04-21T12:26:42.761-06:00 DEBUG 3449 --- [chambitasweb] [           main] org.hibernate.type.BasicTypeRegistry     : Adding type registration character_nchar -> org.hibernate.type.BasicTypeReference@342ee097
2025-04-21T12:26:42.761-06:00 DEBUG 3449 --- [chambitasweb] [           main] org.hibernate.type.BasicTypeRegistry     : Adding type registration string -> org.hibernate.type.BasicTypeReference@6ac45c0c
2025-04-21T12:26:42.761-06:00 DEBUG 3449 --- [chambitasweb] [           main] org.hibernate.type.BasicTypeRegistry     : Adding type registration java.lang.String -> org.hibernate.type.BasicTypeReference@6ac45c0c
2025-04-21T12:26:42.761-06:00 DEBUG 3449 --- [chambitasweb] [           main] org.hibernate.type.BasicTypeRegistry     : Adding type registration nstring -> org.hibernate.type.BasicTypeReference@12192604
2025-04-21T12:26:42.761-06:00 DEBUG 3449 --- [chambitasweb] [           main] org.hibernate.type.BasicTypeRegistry     : Adding type registration characters -> org.hibernate.type.BasicTypeReference@6075b369
2025-04-21T12:26:42.761-06:00 DEBUG 3449 --- [chambitasweb] [           main] org.hibernate.type.BasicTypeRegistry     : Adding type registration char[] -> org.hibernate.type.BasicTypeReference@6075b369
2025-04-21T12:26:42.761-06:00 DEBUG 3449 --- [chambitasweb] [           main] org.hibernate.type.BasicTypeRegistry     : Adding type registration [C -> org.hibernate.type.BasicTypeReference@6075b369
2025-04-21T12:26:42.761-06:00 DEBUG 3449 --- [chambitasweb] [           main] org.hibernate.type.BasicTypeRegistry     : Adding type registration wrapper-characters -> org.hibernate.type.BasicTypeReference@231cdda8
2025-04-21T12:26:42.761-06:00 DEBUG 3449 --- [chambitasweb] [           main] org.hibernate.type.BasicTypeRegistry     : Adding type registration [Ljava.lang.Character; -> org.hibernate.type.BasicTypeReference@231cdda8
2025-04-21T12:26:42.761-06:00 DEBUG 3449 --- [chambitasweb] [           main] org.hibernate.type.BasicTypeRegistry     : Adding type registration Character[] -> org.hibernate.type.BasicTypeReference@231cdda8
2025-04-21T12:26:42.761-06:00 DEBUG 3449 --- [chambitasweb] [           main] org.hibernate.type.BasicTypeRegistry     : Adding type registration text -> org.hibernate.type.BasicTypeReference@6b70d1fb
2025-04-21T12:26:42.761-06:00 DEBUG 3449 --- [chambitasweb] [           main] org.hibernate.type.BasicTypeRegistry     : Adding type registration ntext -> org.hibernate.type.BasicTypeReference@3002e397
2025-04-21T12:26:42.761-06:00 DEBUG 3449 --- [chambitasweb] [           main] org.hibernate.type.BasicTypeRegistry     : Adding type registration clob -> org.hibernate.type.BasicTypeReference@7da1e005
2025-04-21T12:26:42.761-06:00 DEBUG 3449 --- [chambitasweb] [           main] org.hibernate.type.BasicTypeRegistry     : Adding type registration java.sql.Clob -> org.hibernate.type.BasicTypeReference@7da1e005
2025-04-21T12:26:42.761-06:00 DEBUG 3449 --- [chambitasweb] [           main] org.hibernate.type.BasicTypeRegistry     : Adding type registration nclob -> org.hibernate.type.BasicTypeReference@38159384
2025-04-21T12:26:42.761-06:00 DEBUG 3449 --- [chambitasweb] [           main] org.hibernate.type.BasicTypeRegistry     : Adding type registration java.sql.NClob -> org.hibernate.type.BasicTypeReference@38159384
2025-04-21T12:26:42.761-06:00 DEBUG 3449 --- [chambitasweb] [           main] org.hibernate.type.BasicTypeRegistry     : Adding type registration materialized_clob -> org.hibernate.type.BasicTypeReference@55877274
2025-04-21T12:26:42.761-06:00 DEBUG 3449 --- [chambitasweb] [           main] org.hibernate.type.BasicTypeRegistry     : Adding type registration materialized_clob_char_array -> org.hibernate.type.BasicTypeReference@723e2d08
2025-04-21T12:26:42.761-06:00 DEBUG 3449 --- [chambitasweb] [           main] org.hibernate.type.BasicTypeRegistry     : Adding type registration materialized_clob_character_array -> org.hibernate.type.BasicTypeReference@6d4a82
2025-04-21T12:26:42.761-06:00 DEBUG 3449 --- [chambitasweb] [           main] org.hibernate.type.BasicTypeRegistry     : Adding type registration materialized_nclob -> org.hibernate.type.BasicTypeReference@14f060b8
2025-04-21T12:26:42.761-06:00 DEBUG 3449 --- [chambitasweb] [           main] org.hibernate.type.BasicTypeRegistry     : Adding type registration materialized_nclob_character_array -> org.hibernate.type.BasicTypeReference@7a0ab480
2025-04-21T12:26:42.761-06:00 DEBUG 3449 --- [chambitasweb] [           main] org.hibernate.type.BasicTypeRegistry     : Adding type registration materialized_nclob_char_array -> org.hibernate.type.BasicTypeReference@79df80a4
2025-04-21T12:26:42.761-06:00 DEBUG 3449 --- [chambitasweb] [           main] org.hibernate.type.BasicTypeRegistry     : Adding type registration Duration -> org.hibernate.type.BasicTypeReference@130cfc47
2025-04-21T12:26:42.761-06:00 DEBUG 3449 --- [chambitasweb] [           main] org.hibernate.type.BasicTypeRegistry     : Adding type registration java.time.Duration -> org.hibernate.type.BasicTypeReference@130cfc47
2025-04-21T12:26:42.762-06:00 DEBUG 3449 --- [chambitasweb] [           main] org.hibernate.type.BasicTypeRegistry     : Adding type registration LocalDateTime -> org.hibernate.type.BasicTypeReference@4eeab3e
2025-04-21T12:26:42.762-06:00 DEBUG 3449 --- [chambitasweb] [           main] org.hibernate.type.BasicTypeRegistry     : Adding type registration java.time.LocalDateTime -> org.hibernate.type.BasicTypeReference@4eeab3e
2025-04-21T12:26:42.762-06:00 DEBUG 3449 --- [chambitasweb] [           main] org.hibernate.type.BasicTypeRegistry     : Adding type registration LocalDate -> org.hibernate.type.BasicTypeReference@2b6fb197
2025-04-21T12:26:42.762-06:00 DEBUG 3449 --- [chambitasweb] [           main] org.hibernate.type.BasicTypeRegistry     : Adding type registration java.time.LocalDate -> org.hibernate.type.BasicTypeReference@2b6fb197
2025-04-21T12:26:42.762-06:00 DEBUG 3449 --- [chambitasweb] [           main] org.hibernate.type.BasicTypeRegistry     : Adding type registration LocalTime -> org.hibernate.type.BasicTypeReference@2eb0cefe
2025-04-21T12:26:42.762-06:00 DEBUG 3449 --- [chambitasweb] [           main] org.hibernate.type.BasicTypeRegistry     : Adding type registration java.time.LocalTime -> org.hibernate.type.BasicTypeReference@2eb0cefe
2025-04-21T12:26:42.762-06:00 DEBUG 3449 --- [chambitasweb] [           main] org.hibernate.type.BasicTypeRegistry     : Adding type registration OffsetDateTime -> org.hibernate.type.BasicTypeReference@5a2ae1ab
2025-04-21T12:26:42.762-06:00 DEBUG 3449 --- [chambitasweb] [           main] org.hibernate.type.BasicTypeRegistry     : Adding type registration java.time.OffsetDateTime -> org.hibernate.type.BasicTypeReference@5a2ae1ab
2025-04-21T12:26:42.762-06:00 DEBUG 3449 --- [chambitasweb] [           main] org.hibernate.type.BasicTypeRegistry     : Adding type registration OffsetDateTimeWithTimezone -> org.hibernate.type.BasicTypeReference@2bec068b
2025-04-21T12:26:42.762-06:00 DEBUG 3449 --- [chambitasweb] [           main] org.hibernate.type.BasicTypeRegistry     : Adding type registration OffsetDateTimeWithoutTimezone -> org.hibernate.type.BasicTypeReference@7d59e968
2025-04-21T12:26:42.762-06:00 DEBUG 3449 --- [chambitasweb] [           main] org.hibernate.type.BasicTypeRegistry     : Adding type registration OffsetTime -> org.hibernate.type.BasicTypeReference@55361f03
2025-04-21T12:26:42.762-06:00 DEBUG 3449 --- [chambitasweb] [           main] org.hibernate.type.BasicTypeRegistry     : Adding type registration java.time.OffsetTime -> org.hibernate.type.BasicTypeReference@55361f03
2025-04-21T12:26:42.762-06:00 DEBUG 3449 --- [chambitasweb] [           main] org.hibernate.type.BasicTypeRegistry     : Adding type registration ZonedDateTime -> org.hibernate.type.BasicTypeReference@581c9bb7
2025-04-21T12:26:42.762-06:00 DEBUG 3449 --- [chambitasweb] [           main] org.hibernate.type.BasicTypeRegistry     : Adding type registration java.time.ZonedDateTime -> org.hibernate.type.BasicTypeReference@581c9bb7
2025-04-21T12:26:42.762-06:00 DEBUG 3449 --- [chambitasweb] [           main] org.hibernate.type.BasicTypeRegistry     : Adding type registration ZonedDateTimeWithTimezone -> org.hibernate.type.BasicTypeReference@138f0661
2025-04-21T12:26:42.762-06:00 DEBUG 3449 --- [chambitasweb] [           main] org.hibernate.type.BasicTypeRegistry     : Adding type registration ZonedDateTimeWithoutTimezone -> org.hibernate.type.BasicTypeReference@212fafd1
2025-04-21T12:26:42.762-06:00 DEBUG 3449 --- [chambitasweb] [           main] org.hibernate.type.BasicTypeRegistry     : Adding type registration date -> org.hibernate.type.BasicTypeReference@448462f0
2025-04-21T12:26:42.762-06:00 DEBUG 3449 --- [chambitasweb] [           main] org.hibernate.type.BasicTypeRegistry     : Adding type registration java.sql.Date -> org.hibernate.type.BasicTypeReference@448462f0
2025-04-21T12:26:42.762-06:00 DEBUG 3449 --- [chambitasweb] [           main] org.hibernate.type.BasicTypeRegistry     : Adding type registration time -> org.hibernate.type.BasicTypeReference@787988f4
2025-04-21T12:26:42.762-06:00 DEBUG 3449 --- [chambitasweb] [           main] org.hibernate.type.BasicTypeRegistry     : Adding type registration java.sql.Time -> org.hibernate.type.BasicTypeReference@787988f4
2025-04-21T12:26:42.762-06:00 DEBUG 3449 --- [chambitasweb] [           main] org.hibernate.type.BasicTypeRegistry     : Adding type registration timestamp -> org.hibernate.type.BasicTypeReference@132e3594
2025-04-21T12:26:42.762-06:00 DEBUG 3449 --- [chambitasweb] [           main] org.hibernate.type.BasicTypeRegistry     : Adding type registration java.sql.Timestamp -> org.hibernate.type.BasicTypeReference@132e3594
2025-04-21T12:26:42.762-06:00 DEBUG 3449 --- [chambitasweb] [           main] org.hibernate.type.BasicTypeRegistry     : Adding type registration java.util.Date -> org.hibernate.type.BasicTypeReference@132e3594
2025-04-21T12:26:42.762-06:00 DEBUG 3449 --- [chambitasweb] [           main] org.hibernate.type.BasicTypeRegistry     : Adding type registration calendar -> org.hibernate.type.BasicTypeReference@4f235107
2025-04-21T12:26:42.762-06:00 DEBUG 3449 --- [chambitasweb] [           main] org.hibernate.type.BasicTypeRegistry     : Adding type registration java.util.Calendar -> org.hibernate.type.BasicTypeReference@4f235107
2025-04-21T12:26:42.763-06:00 DEBUG 3449 --- [chambitasweb] [           main] org.hibernate.type.BasicTypeRegistry     : Adding type registration java.util.GregorianCalendar -> org.hibernate.type.BasicTypeReference@4f235107
2025-04-21T12:26:42.763-06:00 DEBUG 3449 --- [chambitasweb] [           main] org.hibernate.type.BasicTypeRegistry     : Adding type registration calendar_date -> org.hibernate.type.BasicTypeReference@1c5d3a37
2025-04-21T12:26:42.763-06:00 DEBUG 3449 --- [chambitasweb] [           main] org.hibernate.type.BasicTypeRegistry     : Adding type registration calendar_time -> org.hibernate.type.BasicTypeReference@7e3d2ebd
2025-04-21T12:26:42.763-06:00 DEBUG 3449 --- [chambitasweb] [           main] org.hibernate.type.BasicTypeRegistry     : Adding type registration instant -> org.hibernate.type.BasicTypeReference@2b43f314
2025-04-21T12:26:42.763-06:00 DEBUG 3449 --- [chambitasweb] [           main] org.hibernate.type.BasicTypeRegistry     : Adding type registration java.time.Instant -> org.hibernate.type.BasicTypeReference@2b43f314
2025-04-21T12:26:42.763-06:00 DEBUG 3449 --- [chambitasweb] [           main] org.hibernate.type.BasicTypeRegistry     : Adding type registration uuid -> org.hibernate.type.BasicTypeReference@3a4a5f3c
2025-04-21T12:26:42.763-06:00 DEBUG 3449 --- [chambitasweb] [           main] org.hibernate.type.BasicTypeRegistry     : Adding type registration java.util.UUID -> org.hibernate.type.BasicTypeReference@3a4a5f3c
2025-04-21T12:26:42.763-06:00 DEBUG 3449 --- [chambitasweb] [           main] org.hibernate.type.BasicTypeRegistry     : Adding type registration pg-uuid -> org.hibernate.type.BasicTypeReference@3a4a5f3c
2025-04-21T12:26:42.763-06:00 DEBUG 3449 --- [chambitasweb] [           main] org.hibernate.type.BasicTypeRegistry     : Adding type registration uuid-binary -> org.hibernate.type.BasicTypeReference@4f3356c0
2025-04-21T12:26:42.763-06:00 DEBUG 3449 --- [chambitasweb] [           main] org.hibernate.type.BasicTypeRegistry     : Adding type registration uuid-char -> org.hibernate.type.BasicTypeReference@586cc15d
2025-04-21T12:26:42.763-06:00 DEBUG 3449 --- [chambitasweb] [           main] org.hibernate.type.BasicTypeRegistry     : Adding type registration class -> org.hibernate.type.BasicTypeReference@6c835217
2025-04-21T12:26:42.763-06:00 DEBUG 3449 --- [chambitasweb] [           main] org.hibernate.type.BasicTypeRegistry     : Adding type registration java.lang.Class -> org.hibernate.type.BasicTypeReference@6c835217
2025-04-21T12:26:42.763-06:00 DEBUG 3449 --- [chambitasweb] [           main] org.hibernate.type.BasicTypeRegistry     : Adding type registration currency -> org.hibernate.type.BasicTypeReference@4584304
2025-04-21T12:26:42.763-06:00 DEBUG 3449 --- [chambitasweb] [           main] org.hibernate.type.BasicTypeRegistry     : Adding type registration Currency -> org.hibernate.type.BasicTypeReference@4584304
2025-04-21T12:26:42.763-06:00 DEBUG 3449 --- [chambitasweb] [           main] org.hibernate.type.BasicTypeRegistry     : Adding type registration java.util.Currency -> org.hibernate.type.BasicTypeReference@4584304
2025-04-21T12:26:42.763-06:00 DEBUG 3449 --- [chambitasweb] [           main] org.hibernate.type.BasicTypeRegistry     : Adding type registration locale -> org.hibernate.type.BasicTypeReference@51888019
2025-04-21T12:26:42.763-06:00 DEBUG 3449 --- [chambitasweb] [           main] org.hibernate.type.BasicTypeRegistry     : Adding type registration java.util.Locale -> org.hibernate.type.BasicTypeReference@51888019
2025-04-21T12:26:42.763-06:00 DEBUG 3449 --- [chambitasweb] [           main] org.hibernate.type.BasicTypeRegistry     : Adding type registration serializable -> org.hibernate.type.BasicTypeReference@6f50d55c
2025-04-21T12:26:42.763-06:00 DEBUG 3449 --- [chambitasweb] [           main] org.hibernate.type.BasicTypeRegistry     : Adding type registration java.io.Serializable -> org.hibernate.type.BasicTypeReference@6f50d55c
2025-04-21T12:26:42.763-06:00 DEBUG 3449 --- [chambitasweb] [           main] org.hibernate.type.BasicTypeRegistry     : Adding type registration timezone -> org.hibernate.type.BasicTypeReference@19b5214b
2025-04-21T12:26:42.763-06:00 DEBUG 3449 --- [chambitasweb] [           main] org.hibernate.type.BasicTypeRegistry     : Adding type registration java.util.TimeZone -> org.hibernate.type.BasicTypeReference@19b5214b
2025-04-21T12:26:42.763-06:00 DEBUG 3449 --- [chambitasweb] [           main] org.hibernate.type.BasicTypeRegistry     : Adding type registration ZoneOffset -> org.hibernate.type.BasicTypeReference@5fb3111a
2025-04-21T12:26:42.763-06:00 DEBUG 3449 --- [chambitasweb] [           main] org.hibernate.type.BasicTypeRegistry     : Adding type registration java.time.ZoneOffset -> org.hibernate.type.BasicTypeReference@5fb3111a
2025-04-21T12:26:42.763-06:00 DEBUG 3449 --- [chambitasweb] [           main] org.hibernate.type.BasicTypeRegistry     : Adding type registration url -> org.hibernate.type.BasicTypeReference@4aaecabd
2025-04-21T12:26:42.763-06:00 DEBUG 3449 --- [chambitasweb] [           main] org.hibernate.type.BasicTypeRegistry     : Adding type registration java.net.URL -> org.hibernate.type.BasicTypeReference@4aaecabd
2025-04-21T12:26:42.763-06:00 DEBUG 3449 --- [chambitasweb] [           main] org.hibernate.type.BasicTypeRegistry     : Adding type registration row_version -> org.hibernate.type.BasicTypeReference@23bd0c81
2025-04-21T12:26:42.766-06:00 DEBUG 3449 --- [chambitasweb] [           main] org.hibernate.type.BasicTypeRegistry     : Adding type registration dbtimestamp -> org.hibernate.type.DbTimestampType@3bbf1c0d
2025-04-21T12:26:42.766-06:00 DEBUG 3449 --- [chambitasweb] [           main] org.hibernate.type.BasicTypeRegistry     : Adding type registration dbtimestamp -> org.hibernate.type.DbTimestampType@3bbf1c0d
2025-04-21T12:26:42.766-06:00 DEBUG 3449 --- [chambitasweb] [           main] org.hibernate.type.BasicTypeRegistry     : Adding type registration object -> org.hibernate.type.JavaObjectType@18ffca6c
2025-04-21T12:26:42.766-06:00 DEBUG 3449 --- [chambitasweb] [           main] org.hibernate.type.BasicTypeRegistry     : Adding type registration java.lang.Object -> org.hibernate.type.JavaObjectType@18ffca6c
2025-04-21T12:26:42.766-06:00 DEBUG 3449 --- [chambitasweb] [           main] org.hibernate.type.BasicTypeRegistry     : Adding type registration null -> org.hibernate.type.NullType@3a0b6a
2025-04-21T12:26:42.766-06:00 DEBUG 3449 --- [chambitasweb] [           main] org.hibernate.type.BasicTypeRegistry     : Adding type registration imm_date -> org.hibernate.type.BasicTypeReference@539c4830
2025-04-21T12:26:42.766-06:00 DEBUG 3449 --- [chambitasweb] [           main] org.hibernate.type.BasicTypeRegistry     : Adding type registration imm_time -> org.hibernate.type.BasicTypeReference@6f1fa1d0
2025-04-21T12:26:42.767-06:00 DEBUG 3449 --- [chambitasweb] [           main] org.hibernate.type.BasicTypeRegistry     : Adding type registration imm_timestamp -> org.hibernate.type.BasicTypeReference@28b523a
2025-04-21T12:26:42.767-06:00 DEBUG 3449 --- [chambitasweb] [           main] org.hibernate.type.BasicTypeRegistry     : Adding type registration imm_calendar -> org.hibernate.type.BasicTypeReference@52ba685a
2025-04-21T12:26:42.767-06:00 DEBUG 3449 --- [chambitasweb] [           main] org.hibernate.type.BasicTypeRegistry     : Adding type registration imm_calendar_date -> org.hibernate.type.BasicTypeReference@63d677f5
2025-04-21T12:26:42.767-06:00 DEBUG 3449 --- [chambitasweb] [           main] org.hibernate.type.BasicTypeRegistry     : Adding type registration imm_calendar_time -> org.hibernate.type.BasicTypeReference@71d55b7e
2025-04-21T12:26:42.767-06:00 DEBUG 3449 --- [chambitasweb] [           main] org.hibernate.type.BasicTypeRegistry     : Adding type registration imm_binary -> org.hibernate.type.BasicTypeReference@2997ddfc
2025-04-21T12:26:42.767-06:00 DEBUG 3449 --- [chambitasweb] [           main] org.hibernate.type.BasicTypeRegistry     : Adding type registration imm_serializable -> org.hibernate.type.BasicTypeReference@28ee882c
2025-04-21T12:26:42.768-06:00 DEBUG 3449 --- [chambitasweb] [           main] o.h.boot.internal.BootstrapContextImpl   : Injecting JPA temp ClassLoader [org.springframework.instrument.classloading.SimpleThrowawayClassLoader@272778ae] into BootstrapContext; was [null]
2025-04-21T12:26:42.768-06:00 DEBUG 3449 --- [chambitasweb] [           main] o.h.boot.internal.ClassLoaderAccessImpl  : ClassLoaderAccessImpl#injectTempClassLoader(org.springframework.instrument.classloading.SimpleThrowawayClassLoader@272778ae) [was null]
2025-04-21T12:26:42.768-06:00 DEBUG 3449 --- [chambitasweb] [           main] o.h.boot.internal.BootstrapContextImpl   : Injecting ScanEnvironment [org.hibernate.jpa.boot.internal.StandardJpaScanEnvironmentImpl@234cd86c] into BootstrapContext; was [null]
2025-04-21T12:26:42.768-06:00 DEBUG 3449 --- [chambitasweb] [           main] o.h.boot.internal.BootstrapContextImpl   : Injecting ScanOptions [org.hibernate.boot.archive.scan.internal.StandardScanOptions@2c48cede] into BootstrapContext; was [org.hibernate.boot.archive.scan.internal.StandardScanOptions@39c87b42]
2025-04-21T12:26:42.772-06:00 DEBUG 3449 --- [chambitasweb] [           main] o.h.boot.internal.BootstrapContextImpl   : Injecting JPA temp ClassLoader [null] into BootstrapContext; was [org.springframework.instrument.classloading.SimpleThrowawayClassLoader@272778ae]
2025-04-21T12:26:42.772-06:00 DEBUG 3449 --- [chambitasweb] [           main] o.h.boot.internal.ClassLoaderAccessImpl  : ClassLoaderAccessImpl#injectTempClassLoader(null) [was org.springframework.instrument.classloading.SimpleThrowawayClassLoader@272778ae]
2025-04-21T12:26:42.778-06:00  INFO 3449 --- [chambitasweb] [           main] com.zaxxer.hikari.HikariDataSource       : HikariPool-1 - Starting...
2025-04-21T12:26:42.827-06:00  INFO 3449 --- [chambitasweb] [           main] com.zaxxer.hikari.pool.HikariPool        : HikariPool-1 - Added connection org.postgresql.jdbc.PgConnection@57e03347
2025-04-21T12:26:42.827-06:00  INFO 3449 --- [chambitasweb] [           main] com.zaxxer.hikari.HikariDataSource       : HikariPool-1 - Start completed.
2025-04-21T12:26:42.830-06:00 DEBUG 3449 --- [chambitasweb] [           main] o.h.e.j.e.i.JdbcEnvironmentInitiator     : Database ->
       name : PostgreSQL
    version : 14.13 (Homebrew)
      major : 14
      minor : 13
2025-04-21T12:26:42.830-06:00 DEBUG 3449 --- [chambitasweb] [           main] o.h.e.j.e.i.JdbcEnvironmentInitiator     : Driver ->
       name : PostgreSQL JDBC Driver
    version : 42.7.3
      major : 42
      minor : 7
2025-04-21T12:26:42.830-06:00 DEBUG 3449 --- [chambitasweb] [           main] o.h.e.j.e.i.JdbcEnvironmentInitiator     : JDBC version : 4.2
2025-04-21T12:26:42.844-06:00  INFO 3449 --- [chambitasweb] [           main] SQL dialect                              : HHH000400: Using dialect: org.hibernate.dialect.PostgreSQLDialect
2025-04-21T12:26:42.846-06:00 DEBUG 3449 --- [chambitasweb] [           main] o.h.e.j.env.spi.IdentifierHelperBuilder  : JDBC driver metadata reported database stores quoted identifiers in neither upper, lower nor mixed case
2025-04-21T12:26:42.853-06:00 DEBUG 3449 --- [chambitasweb] [           main] o.h.t.d.sql.spi.DdlTypeRegistry          : addDescriptor(6, org.hibernate.type.descriptor.sql.internal.CapacityDependentDdlType@1de5cc88) replaced previous registration(org.hibernate.type.descriptor.sql.internal.DdlTypeImpl@23e2c1ca)
2025-04-21T12:26:42.854-06:00 DEBUG 3449 --- [chambitasweb] [           main] o.h.t.d.jdbc.spi.JdbcTypeRegistry        : addDescriptor(2004, BlobTypeDescriptor(BLOB_BINDING)) replaced previous registration(BlobTypeDescriptor(DEFAULT))
2025-04-21T12:26:42.854-06:00 DEBUG 3449 --- [chambitasweb] [           main] o.h.t.d.jdbc.spi.JdbcTypeRegistry        : addDescriptor(2005, ClobTypeDescriptor(CLOB_BINDING)) replaced previous registration(ClobTypeDescriptor(DEFAULT))
2025-04-21T12:26:42.854-06:00 DEBUG 3449 --- [chambitasweb] [           main] o.h.t.d.jdbc.spi.JdbcTypeRegistry        : addDescriptor(3003, TimestampUtcDescriptor) replaced previous registration(TimestampUtcDescriptor)
2025-04-21T12:26:42.855-06:00 DEBUG 3449 --- [chambitasweb] [           main] org.hibernate.type.BasicTypeRegistry     : Adding type registration JAVA_OBJECT -> org.hibernate.type.JavaObjectType@4ef5dd23
2025-04-21T12:26:42.855-06:00 DEBUG 3449 --- [chambitasweb] [           main] org.hibernate.type.BasicTypeRegistry     : Adding type registration java.lang.Object -> org.hibernate.type.JavaObjectType@4ef5dd23
2025-04-21T12:26:42.855-06:00 DEBUG 3449 --- [chambitasweb] [           main] org.hibernate.type.BasicTypeRegistry     : Type registration key [java.lang.Object] overrode previous entry : `org.hibernate.type.JavaObjectType@18ffca6c`
2025-04-21T12:26:42.856-06:00 DEBUG 3449 --- [chambitasweb] [           main] org.hibernate.type.BasicTypeRegistry     : Adding type registration org.hibernate.type.OffsetDateTimeType -> basicType@1(java.time.OffsetDateTime,93)
2025-04-21T12:26:42.856-06:00 DEBUG 3449 --- [chambitasweb] [           main] org.hibernate.type.BasicTypeRegistry     : Adding type registration OffsetDateTime -> basicType@1(java.time.OffsetDateTime,93)
2025-04-21T12:26:42.856-06:00 DEBUG 3449 --- [chambitasweb] [           main] org.hibernate.type.BasicTypeRegistry     : Adding type registration java.time.OffsetDateTime -> basicType@1(java.time.OffsetDateTime,93)
2025-04-21T12:26:42.856-06:00 DEBUG 3449 --- [chambitasweb] [           main] org.hibernate.type.BasicTypeRegistry     : Adding type registration org.hibernate.type.ZonedDateTimeType -> basicType@2(java.time.ZonedDateTime,93)
2025-04-21T12:26:42.856-06:00 DEBUG 3449 --- [chambitasweb] [           main] org.hibernate.type.BasicTypeRegistry     : Adding type registration ZonedDateTime -> basicType@2(java.time.ZonedDateTime,93)
2025-04-21T12:26:42.856-06:00 DEBUG 3449 --- [chambitasweb] [           main] org.hibernate.type.BasicTypeRegistry     : Adding type registration java.time.ZonedDateTime -> basicType@2(java.time.ZonedDateTime,93)
2025-04-21T12:26:42.857-06:00 DEBUG 3449 --- [chambitasweb] [           main] o.h.type.spi.TypeConfiguration$Scope     : Scoping TypeConfiguration [org.hibernate.type.spi.TypeConfiguration@7e2c6702] to MetadataBuildingContext [org.hibernate.boot.internal.MetadataBuildingContextRootImpl@5fb7ab9c]
2025-04-21T12:26:42.868-06:00 DEBUG 3449 --- [chambitasweb] [           main] o.h.boot.model.relational.Namespace      : Created database namespace [logicalName=Name{catalog=null, schema=null}, physicalName=Name{catalog=null, schema=null}]
2025-04-21T12:26:42.875-06:00 DEBUG 3449 --- [chambitasweb] [           main] o.h.cfg.annotations.EntityBinder         : Binding entity from annotated class: com.chambitasweb.chambitasweb.models.User
2025-04-21T12:26:42.877-06:00 DEBUG 3449 --- [chambitasweb] [           main] org.hibernate.cfg.AnnotatedColumn        : Binding column: DiscriminatorColumn{logicalColumnName'DTYPE', discriminatorTypeName='string'}
2025-04-21T12:26:42.877-06:00 DEBUG 3449 --- [chambitasweb] [           main] o.h.cfg.annotations.EntityBinder         : Import with entity name User
2025-04-21T12:26:42.879-06:00 DEBUG 3449 --- [chambitasweb] [           main] o.h.cfg.annotations.EntityBinder         : Bind entity com.chambitasweb.chambitasweb.models.User on table user
2025-04-21T12:26:42.884-06:00 DEBUG 3449 --- [chambitasweb] [           main] org.hibernate.cfg.AnnotatedColumn        : Binding column: Column{table=Table(user), mappingColumn=id, insertable=true, updatable=true, unique=false}
2025-04-21T12:26:42.884-06:00 DEBUG 3449 --- [chambitasweb] [           main] o.h.boot.internal.ClassLoaderAccessImpl  : Not known whether passed class name [com.chambitasweb.chambitasweb.models.User] is safe
2025-04-21T12:26:42.885-06:00 DEBUG 3449 --- [chambitasweb] [           main] o.h.boot.internal.ClassLoaderAccessImpl  : No temp ClassLoader provided; using live ClassLoader for loading potentially unsafe class : com.chambitasweb.chambitasweb.models.User
2025-04-21T12:26:42.885-06:00 DEBUG 3449 --- [chambitasweb] [           main] o.h.cfg.annotations.PropertyBinder       : MetadataSourceProcessor property id with lazy=false
2025-04-21T12:26:42.886-06:00 DEBUG 3449 --- [chambitasweb] [           main] o.hibernate.cfg.AbstractPropertyHolder   : Attempting to locate auto-apply AttributeConverter for property [com.chambitasweb.chambitasweb.models.User:id]
2025-04-21T12:26:42.887-06:00 DEBUG 3449 --- [chambitasweb] [           main] o.h.cfg.annotations.BasicValueBinder     : building BasicValue for id
2025-04-21T12:26:42.887-06:00 DEBUG 3449 --- [chambitasweb] [           main] org.hibernate.mapping.BasicValue         : Skipping column re-registration: user.id
2025-04-21T12:26:42.887-06:00 DEBUG 3449 --- [chambitasweb] [           main] o.h.cfg.annotations.PropertyBinder       : Building property id
2025-04-21T12:26:42.888-06:00 DEBUG 3449 --- [chambitasweb] [           main] org.hibernate.cfg.BinderHelper           : #makeIdGenerator(BasicValue([Column(id)]), id, assigned, , ...)
2025-04-21T12:26:42.888-06:00 DEBUG 3449 --- [chambitasweb] [           main] org.hibernate.cfg.AnnotatedColumn        : Binding column: Column{table=Table(user), mappingColumn=apellido_materno, insertable=true, updatable=true, unique=false}
2025-04-21T12:26:42.888-06:00 DEBUG 3449 --- [chambitasweb] [           main] o.h.cfg.annotations.PropertyBinder       : MetadataSourceProcessor property apellidoMaterno with lazy=false
2025-04-21T12:26:42.888-06:00 DEBUG 3449 --- [chambitasweb] [           main] o.hibernate.cfg.AbstractPropertyHolder   : Attempting to locate auto-apply AttributeConverter for property [com.chambitasweb.chambitasweb.models.User:apellidoMaterno]
2025-04-21T12:26:42.888-06:00 DEBUG 3449 --- [chambitasweb] [           main] o.h.cfg.annotations.BasicValueBinder     : building BasicValue for apellidoMaterno
2025-04-21T12:26:42.888-06:00 DEBUG 3449 --- [chambitasweb] [           main] org.hibernate.mapping.BasicValue         : Skipping column re-registration: user.apellido_materno
2025-04-21T12:26:42.888-06:00 DEBUG 3449 --- [chambitasweb] [           main] o.h.cfg.annotations.PropertyBinder       : Building property apellidoMaterno
2025-04-21T12:26:42.888-06:00 DEBUG 3449 --- [chambitasweb] [           main] org.hibernate.cfg.AnnotatedColumn        : Binding column: Column{table=Table(user), mappingColumn=apellido_paterno, insertable=true, updatable=true, unique=false}
2025-04-21T12:26:42.888-06:00 DEBUG 3449 --- [chambitasweb] [           main] o.h.cfg.annotations.PropertyBinder       : MetadataSourceProcessor property apellidoPaterno with lazy=false
2025-04-21T12:26:42.888-06:00 DEBUG 3449 --- [chambitasweb] [           main] o.hibernate.cfg.AbstractPropertyHolder   : Attempting to locate auto-apply AttributeConverter for property [com.chambitasweb.chambitasweb.models.User:apellidoPaterno]
2025-04-21T12:26:42.888-06:00 DEBUG 3449 --- [chambitasweb] [           main] o.h.cfg.annotations.BasicValueBinder     : building BasicValue for apellidoPaterno
2025-04-21T12:26:42.888-06:00 DEBUG 3449 --- [chambitasweb] [           main] org.hibernate.mapping.BasicValue         : Skipping column re-registration: user.apellido_paterno
2025-04-21T12:26:42.889-06:00 DEBUG 3449 --- [chambitasweb] [           main] o.h.cfg.annotations.PropertyBinder       : Building property apellidoPaterno
2025-04-21T12:26:42.889-06:00 DEBUG 3449 --- [chambitasweb] [           main] org.hibernate.cfg.AnnotatedColumn        : Binding column: Column{table=Table(user), mappingColumn=contraseña, insertable=true, updatable=true, unique=false}
2025-04-21T12:26:42.889-06:00 DEBUG 3449 --- [chambitasweb] [           main] o.h.cfg.annotations.PropertyBinder       : MetadataSourceProcessor property contraseña with lazy=false
2025-04-21T12:26:42.889-06:00 DEBUG 3449 --- [chambitasweb] [           main] o.hibernate.cfg.AbstractPropertyHolder   : Attempting to locate auto-apply AttributeConverter for property [com.chambitasweb.chambitasweb.models.User:contraseña]
2025-04-21T12:26:42.889-06:00 DEBUG 3449 --- [chambitasweb] [           main] o.h.cfg.annotations.BasicValueBinder     : building BasicValue for contraseña
2025-04-21T12:26:42.889-06:00 DEBUG 3449 --- [chambitasweb] [           main] org.hibernate.mapping.BasicValue         : Skipping column re-registration: user.contraseña
2025-04-21T12:26:42.889-06:00 DEBUG 3449 --- [chambitasweb] [           main] o.h.cfg.annotations.PropertyBinder       : Building property contraseña
2025-04-21T12:26:42.889-06:00 DEBUG 3449 --- [chambitasweb] [           main] org.hibernate.cfg.AnnotatedColumn        : Binding column: Column{table=Table(user), mappingColumn=correo, insertable=true, updatable=true, unique=false}
2025-04-21T12:26:42.889-06:00 DEBUG 3449 --- [chambitasweb] [           main] o.h.cfg.annotations.PropertyBinder       : MetadataSourceProcessor property correo with lazy=false
2025-04-21T12:26:42.889-06:00 DEBUG 3449 --- [chambitasweb] [           main] o.hibernate.cfg.AbstractPropertyHolder   : Attempting to locate auto-apply AttributeConverter for property [com.chambitasweb.chambitasweb.models.User:correo]
2025-04-21T12:26:42.889-06:00 DEBUG 3449 --- [chambitasweb] [           main] o.h.cfg.annotations.BasicValueBinder     : building BasicValue for correo
2025-04-21T12:26:42.889-06:00 DEBUG 3449 --- [chambitasweb] [           main] org.hibernate.mapping.BasicValue         : Skipping column re-registration: user.correo
2025-04-21T12:26:42.889-06:00 DEBUG 3449 --- [chambitasweb] [           main] o.h.cfg.annotations.PropertyBinder       : Building property correo
2025-04-21T12:26:42.889-06:00 DEBUG 3449 --- [chambitasweb] [           main] org.hibernate.cfg.AnnotatedColumn        : Binding column: Column{table=Table(user), mappingColumn=estado, insertable=true, updatable=true, unique=false}
2025-04-21T12:26:42.889-06:00 DEBUG 3449 --- [chambitasweb] [           main] o.h.cfg.annotations.PropertyBinder       : MetadataSourceProcessor property estado with lazy=false
2025-04-21T12:26:42.889-06:00 DEBUG 3449 --- [chambitasweb] [           main] o.hibernate.cfg.AbstractPropertyHolder   : Attempting to locate auto-apply AttributeConverter for property [com.chambitasweb.chambitasweb.models.User:estado]
2025-04-21T12:26:42.889-06:00 DEBUG 3449 --- [chambitasweb] [           main] o.h.cfg.annotations.BasicValueBinder     : building BasicValue for estado
2025-04-21T12:26:42.889-06:00 DEBUG 3449 --- [chambitasweb] [           main] org.hibernate.mapping.BasicValue         : Skipping column re-registration: user.estado
2025-04-21T12:26:42.889-06:00 DEBUG 3449 --- [chambitasweb] [           main] o.h.cfg.annotations.PropertyBinder       : Building property estado
2025-04-21T12:26:42.889-06:00 DEBUG 3449 --- [chambitasweb] [           main] org.hibernate.cfg.AnnotatedColumn        : Binding column: Column{table=Table(user), mappingColumn=fecha_nacimiento, insertable=true, updatable=true, unique=false}
2025-04-21T12:26:42.889-06:00 DEBUG 3449 --- [chambitasweb] [           main] o.h.cfg.annotations.PropertyBinder       : MetadataSourceProcessor property fechaNacimiento with lazy=false
2025-04-21T12:26:42.889-06:00 DEBUG 3449 --- [chambitasweb] [           main] o.hibernate.cfg.AbstractPropertyHolder   : Attempting to locate auto-apply AttributeConverter for property [com.chambitasweb.chambitasweb.models.User:fechaNacimiento]
2025-04-21T12:26:42.889-06:00 DEBUG 3449 --- [chambitasweb] [           main] o.h.cfg.annotations.BasicValueBinder     : building BasicValue for fechaNacimiento
2025-04-21T12:26:42.889-06:00 DEBUG 3449 --- [chambitasweb] [           main] org.hibernate.mapping.BasicValue         : Skipping column re-registration: user.fecha_nacimiento
2025-04-21T12:26:42.889-06:00 DEBUG 3449 --- [chambitasweb] [           main] o.h.cfg.annotations.PropertyBinder       : Building property fechaNacimiento
2025-04-21T12:26:42.889-06:00 DEBUG 3449 --- [chambitasweb] [           main] org.hibernate.cfg.AnnotatedColumn        : Binding column: Column{table=Table(user), mappingColumn=foto_perfilb64, insertable=true, updatable=true, unique=false}
2025-04-21T12:26:42.889-06:00 DEBUG 3449 --- [chambitasweb] [           main] o.h.cfg.annotations.PropertyBinder       : MetadataSourceProcessor property fotoPerfilB64 with lazy=false
2025-04-21T12:26:42.889-06:00 DEBUG 3449 --- [chambitasweb] [           main] o.hibernate.cfg.AbstractPropertyHolder   : Attempting to locate auto-apply AttributeConverter for property [com.chambitasweb.chambitasweb.models.User:fotoPerfilB64]
2025-04-21T12:26:42.890-06:00 DEBUG 3449 --- [chambitasweb] [           main] o.h.cfg.annotations.BasicValueBinder     : building BasicValue for fotoPerfilB64
2025-04-21T12:26:42.890-06:00 DEBUG 3449 --- [chambitasweb] [           main] org.hibernate.mapping.BasicValue         : Skipping column re-registration: user.foto_perfilb64
2025-04-21T12:26:42.890-06:00 DEBUG 3449 --- [chambitasweb] [           main] o.h.cfg.annotations.PropertyBinder       : Building property fotoPerfilB64
2025-04-21T12:26:42.890-06:00 DEBUG 3449 --- [chambitasweb] [           main] org.hibernate.cfg.AnnotatedColumn        : Binding column: Column{table=Table(user), mappingColumn=nombre, insertable=true, updatable=true, unique=false}
2025-04-21T12:26:42.890-06:00 DEBUG 3449 --- [chambitasweb] [           main] o.h.cfg.annotations.PropertyBinder       : MetadataSourceProcessor property nombre with lazy=false
2025-04-21T12:26:42.890-06:00 DEBUG 3449 --- [chambitasweb] [           main] o.hibernate.cfg.AbstractPropertyHolder   : Attempting to locate auto-apply AttributeConverter for property [com.chambitasweb.chambitasweb.models.User:nombre]
2025-04-21T12:26:42.890-06:00 DEBUG 3449 --- [chambitasweb] [           main] o.h.cfg.annotations.BasicValueBinder     : building BasicValue for nombre
2025-04-21T12:26:42.890-06:00 DEBUG 3449 --- [chambitasweb] [           main] org.hibernate.mapping.BasicValue         : Skipping column re-registration: user.nombre
2025-04-21T12:26:42.890-06:00 DEBUG 3449 --- [chambitasweb] [           main] o.h.cfg.annotations.PropertyBinder       : Building property nombre
2025-04-21T12:26:42.890-06:00 DEBUG 3449 --- [chambitasweb] [           main] org.hibernate.cfg.AnnotatedColumn        : Binding column: Column{table=Table(user), mappingColumn=tipo_usuario, insertable=true, updatable=true, unique=false}
2025-04-21T12:26:42.890-06:00 DEBUG 3449 --- [chambitasweb] [           main] o.h.cfg.annotations.PropertyBinder       : MetadataSourceProcessor property tipoUsuario with lazy=false
2025-04-21T12:26:42.890-06:00 DEBUG 3449 --- [chambitasweb] [           main] o.hibernate.cfg.AbstractPropertyHolder   : Attempting to locate auto-apply AttributeConverter for property [com.chambitasweb.chambitasweb.models.User:tipoUsuario]
2025-04-21T12:26:42.890-06:00 DEBUG 3449 --- [chambitasweb] [           main] o.h.cfg.annotations.BasicValueBinder     : building BasicValue for tipoUsuario
2025-04-21T12:26:42.890-06:00 DEBUG 3449 --- [chambitasweb] [           main] org.hibernate.mapping.BasicValue         : Skipping column re-registration: user.tipo_usuario
2025-04-21T12:26:42.890-06:00 DEBUG 3449 --- [chambitasweb] [           main] o.h.cfg.annotations.PropertyBinder       : Building property tipoUsuario
2025-04-21T12:26:42.892-06:00 DEBUG 3449 --- [chambitasweb] [           main] o.h.cfg.annotations.BasicValueBinder     : Starting `BasicValueBinder#fillSimpleValue` for id
2025-04-21T12:26:42.892-06:00 DEBUG 3449 --- [chambitasweb] [           main] o.h.cfg.annotations.BasicValueBinder     : Starting `BasicValueBinder#fillSimpleValue` for apellidoMaterno
2025-04-21T12:26:42.892-06:00 DEBUG 3449 --- [chambitasweb] [           main] o.h.cfg.annotations.BasicValueBinder     : Starting `BasicValueBinder#fillSimpleValue` for apellidoPaterno
2025-04-21T12:26:42.892-06:00 DEBUG 3449 --- [chambitasweb] [           main] o.h.cfg.annotations.BasicValueBinder     : Starting `BasicValueBinder#fillSimpleValue` for contraseña
2025-04-21T12:26:42.892-06:00 DEBUG 3449 --- [chambitasweb] [           main] o.h.cfg.annotations.BasicValueBinder     : Starting `BasicValueBinder#fillSimpleValue` for correo
2025-04-21T12:26:42.892-06:00 DEBUG 3449 --- [chambitasweb] [           main] o.h.cfg.annotations.BasicValueBinder     : Starting `BasicValueBinder#fillSimpleValue` for estado
2025-04-21T12:26:42.892-06:00 DEBUG 3449 --- [chambitasweb] [           main] o.h.cfg.annotations.BasicValueBinder     : Starting `BasicValueBinder#fillSimpleValue` for fechaNacimiento
2025-04-21T12:26:42.893-06:00 DEBUG 3449 --- [chambitasweb] [           main] o.h.cfg.annotations.BasicValueBinder     : Starting `BasicValueBinder#fillSimpleValue` for fotoPerfilB64
2025-04-21T12:26:42.893-06:00 DEBUG 3449 --- [chambitasweb] [           main] o.h.cfg.annotations.BasicValueBinder     : Starting `BasicValueBinder#fillSimpleValue` for nombre
2025-04-21T12:26:42.893-06:00 DEBUG 3449 --- [chambitasweb] [           main] o.h.cfg.annotations.BasicValueBinder     : Starting `BasicValueBinder#fillSimpleValue` for tipoUsuario
2025-04-21T12:26:42.894-06:00 DEBUG 3449 --- [chambitasweb] [           main] org.hibernate.mapping.PrimaryKey         : Forcing column [id] to be non-null as it is part of the primary key for table [user]
2025-04-21T12:26:42.908-06:00 DEBUG 3449 --- [chambitasweb] [           main] o.hibernate.internal.SessionFactoryImpl  : Building session factory
2025-04-21T12:26:42.923-06:00 DEBUG 3449 --- [chambitasweb] [           main] .h.s.i.SessionFactoryServiceRegistryImpl : EventListenerRegistry access via ServiceRegistry is deprecated.  Use `sessionFactory.getEventEngine().getListenerRegistry()` instead
2025-04-21T12:26:42.924-06:00 DEBUG 3449 --- [chambitasweb] [           main] o.hibernate.internal.SessionFactoryImpl  : Session factory constructed with filter configurations : {}
[...]
      Did not match:
         - @ConditionalOnClass did not find required class 'co.elastic.clients.transport.ElasticsearchTransport' (OnClassCondition)

   ReactiveElasticsearchRepositoriesAutoConfiguration:
      Did not match:
         - @ConditionalOnClass did not find required class 'reactor.core.publisher.Mono' (OnClassCondition)

   ReactiveMultipartAutoConfiguration:
      Did not match:
         - @ConditionalOnClass did not find required class 'org.springframework.web.reactive.config.WebFluxConfigurer' (OnClassCondition)

   ReactiveOAuth2ClientAutoConfiguration:
      Did not match:
         - @ConditionalOnClass did not find required class 'reactor.core.publisher.Flux' (OnClassCondition)

   ReactiveOAuth2ResourceServerAutoConfiguration:
      Did not match:
         - @ConditionalOnClass did not find required class 'org.springframework.security.config.annotation.web.reactive.EnableWebFluxSecurity' (OnClassCondition)

   ReactiveSecurityAutoConfiguration:
      Did not match:
         - @ConditionalOnClass did not find required class 'reactor.core.publisher.Flux' (OnClassCondition)

   ReactiveUserDetailsServiceAutoConfiguration:
      Did not match:
         - @ConditionalOnClass did not find required class 'org.springframework.security.authentication.ReactiveAuthenticationManager' (OnClassCondition)

   ReactiveWebServerFactoryAutoConfiguration:
      Did not match:
         - @ConditionalOnWebApplication did not find reactive web application classes (OnWebApplicationCondition)

   ReactorAutoConfiguration:
      Did not match:
         - @ConditionalOnClass did not find required class 'reactor.core.publisher.Hooks' (OnClassCondition)

   RedisAutoConfiguration:
      Did not match:
         - @ConditionalOnClass did not find required class 'org.springframework.data.redis.core.RedisOperations' (OnClassCondition)

   RedisCacheConfiguration:
      Did not match:
         - @ConditionalOnClass did not find required class 'org.springframework.data.redis.connection.RedisConnectionFactory' (OnClassCondition)

   RedisReactiveAutoConfiguration:
      Did not match:
         - @ConditionalOnClass did not find required class 'reactor.core.publisher.Flux' (OnClassCondition)

   RedisRepositoriesAutoConfiguration:
      Did not match:
         - @ConditionalOnClass did not find required class 'org.springframework.data.redis.repository.configuration.EnableRedisRepositories' (OnClassCondition)

   RemoteDevToolsAutoConfiguration:
      Did not match:
         - @ConditionalOnProperty (spring.devtools.remote.secret) did not find property 'secret' (OnPropertyCondition)
      Matched:
         - @ConditionalOnClass found required classes 'jakarta.servlet.Filter', 'org.springframework.http.server.ServerHttpRequest' (OnClassCondition)

   RepositoryRestMvcAutoConfiguration:
      Did not match:
         - @ConditionalOnClass did not find required class 'org.springframework.data.rest.webmvc.config.RepositoryRestMvcConfiguration' (OnClassCondition)

   Saml2RelyingPartyAutoConfiguration:
      Did not match:
         - @ConditionalOnClass did not find required class 'org.springframework.security.saml2.provider.service.registration.RelyingPartyRegistrationRepository' (OnClassCondition)

   SecurityAutoConfiguration:
      Did not match:
         - @ConditionalOnClass did not find required class 'org.springframework.security.authentication.DefaultAuthenticationEventPublisher' (OnClassCondition)

   SecurityFilterAutoConfiguration:
      Did not match:
         - @ConditionalOnClass did not find required class 'org.springframework.security.config.http.SessionCreationPolicy' (OnClassCondition)

   SendGridAutoConfiguration:
      Did not match:
         - @ConditionalOnClass did not find required class 'com.sendgrid.SendGrid' (OnClassCondition)

   ServletWebServerFactoryAutoConfiguration.ForwardedHeaderFilterConfiguration:
      Did not match:
         - @ConditionalOnProperty (server.forward-headers-strategy=framework) did not find property 'server.forward-headers-strategy' (OnPropertyCondition)

   ServletWebServerFactoryConfiguration.EmbeddedJetty:
      Did not match:
         - @ConditionalOnClass did not find required classes 'org.eclipse.jetty.server.Server', 'org.eclipse.jetty.util.Loader', 'org.eclipse.jetty.ee10.webapp.WebAppContext' (OnClassCondition)

   ServletWebServerFactoryConfiguration.EmbeddedUndertow:
      Did not match:
         - @ConditionalOnClass did not find required classes 'io.undertow.Undertow', 'org.xnio.SslClientAuthMode' (OnClassCondition)

   SessionAutoConfiguration:
      Did not match:
         - @ConditionalOnClass did not find required class 'org.springframework.session.Session' (OnClassCondition)

   SpringApplicationAdminJmxAutoConfiguration:
      Did not match:
         - @ConditionalOnProperty (spring.application.admin.enabled=true) did not find property 'enabled' (OnPropertyCondition)

   TaskExecutorConfigurations.SimpleAsyncTaskExecutorBuilderConfiguration#simpleAsyncTaskExecutorBuilderVirtualThreads:
      Did not match:
         - @ConditionalOnMissingBean (types: org.springframework.boot.task.SimpleAsyncTaskExecutorBuilder; SearchStrategy: all) found beans of type 'org.springframework.boot.task.SimpleAsyncTaskExecutorBuilder' simpleAsyncTaskExecutorBuilder (OnBeanCondition)

   TaskExecutorConfigurations.TaskExecutorConfiguration#applicationTaskExecutorVirtualThreads:
      Did not match:
         - @ConditionalOnThreading did not find VIRTUAL (OnThreadingCondition)

   TaskSchedulingAutoConfiguration#scheduledBeanLazyInitializationExcludeFilter:
      Did not match:
         - @ConditionalOnBean (names: org.springframework.context.annotation.internalScheduledAnnotationProcessor; SearchStrategy: all) did not find any beans named org.springframework.context.annotation.internalScheduledAnnotationProcessor (OnBeanCondition)

   TaskSchedulingConfigurations.SimpleAsyncTaskSchedulerBuilderConfiguration#simpleAsyncTaskSchedulerBuilderVirtualThreads:
      Did not match:
         - @ConditionalOnMissingBean (types: org.springframework.boot.task.SimpleAsyncTaskSchedulerBuilder; SearchStrategy: all) found beans of type 'org.springframework.boot.task.SimpleAsyncTaskSchedulerBuilder' simpleAsyncTaskSchedulerBuilder (OnBeanCondition)

   TaskSchedulingConfigurations.TaskSchedulerConfiguration:
      Did not match:
         - @ConditionalOnBean (names: org.springframework.context.annotation.internalScheduledAnnotationProcessor; SearchStrategy: all) did not find any beans named org.springframework.context.annotation.internalScheduledAnnotationProcessor (OnBeanCondition)

   ThymeleafAutoConfiguration:
      Did not match:
         - @ConditionalOnClass did not find required class 'org.thymeleaf.spring6.SpringTemplateEngine' (OnClassCondition)

   TransactionAutoConfiguration#transactionalOperator:
      Did not match:
         - @ConditionalOnSingleCandidate (types: org.springframework.transaction.ReactiveTransactionManager; SearchStrategy: all) did not find any beans (OnBeanCondition)

   TransactionAutoConfiguration.AspectJTransactionManagementConfiguration:
      Did not match:
         - @ConditionalOnBean (types: org.springframework.transaction.aspectj.AbstractTransactionAspect; SearchStrategy: all) did not find any beans of type org.springframework.transaction.aspectj.AbstractTransactionAspect (OnBeanCondition)

   TransactionAutoConfiguration.EnableTransactionManagementConfiguration:
      Did not match:
         - @ConditionalOnMissingBean (types: org.springframework.transaction.annotation.AbstractTransactionManagementConfiguration; SearchStrategy: all) found beans of type 'org.springframework.transaction.annotation.AbstractTransactionManagementConfiguration' org.springframework.transaction.annotation.ProxyTransactionManagementConfiguration (OnBeanCondition)

   TransactionAutoConfiguration.EnableTransactionManagementConfiguration.CglibAutoProxyConfiguration:
      Did not match:
         - Ancestor org.springframework.boot.autoconfigure.transaction.TransactionAutoConfiguration$EnableTransactionManagementConfiguration did not match (ConditionEvaluationReport.AncestorsMatchedCondition)
      Matched:
         - @ConditionalOnProperty (spring.aop.proxy-target-class=true) matched (OnPropertyCondition)

   TransactionAutoConfiguration.EnableTransactionManagementConfiguration.JdkDynamicAutoProxyConfiguration:
      Did not match:
         - @ConditionalOnProperty (spring.aop.proxy-target-class=false) did not find property 'proxy-target-class' (OnPropertyCondition)
         - Ancestor org.springframework.boot.autoconfigure.transaction.TransactionAutoConfiguration$EnableTransactionManagementConfiguration did not match (ConditionEvaluationReport.AncestorsMatchedCondition)

   UserDetailsServiceAutoConfiguration:
      Did not match:
         - @ConditionalOnClass did not find required class 'org.springframework.security.authentication.AuthenticationManager' (OnClassCondition)

   WebClientAutoConfiguration:
      Did not match:
         - @ConditionalOnClass did not find required class 'org.springframework.web.reactive.function.client.WebClient' (OnClassCondition)

   WebFluxAutoConfiguration:
      Did not match:
         - @ConditionalOnClass did not find required class 'org.springframework.web.reactive.config.WebFluxConfigurer' (OnClassCondition)

   WebMvcAutoConfiguration#hiddenHttpMethodFilter:
      Did not match:
         - @ConditionalOnProperty (spring.mvc.hiddenmethod.filter.enabled) did not find property 'enabled' (OnPropertyCondition)

   WebMvcAutoConfiguration.ProblemDetailsErrorHandlingConfiguration:
      Did not match:
         - @ConditionalOnProperty (spring.mvc.problemdetails.enabled=true) did not find property 'enabled' (OnPropertyCondition)

   WebMvcAutoConfiguration.ResourceChainCustomizerConfiguration:
      Did not match:
         - @ConditionalOnEnabledResourceChain did not find class org.webjars.WebJarVersionLocator (OnEnabledResourceChainCondition)

   WebMvcAutoConfiguration.WebMvcAutoConfigurationAdapter#beanNameViewResolver:
      Did not match:
         - @ConditionalOnMissingBean (types: org.springframework.web.servlet.view.BeanNameViewResolver; SearchStrategy: all) found beans of type 'org.springframework.web.servlet.view.BeanNameViewResolver' beanNameViewResolver (OnBeanCondition)

   WebServiceTemplateAutoConfiguration:
      Did not match:
         - @ConditionalOnClass did not find required class 'org.springframework.oxm.Marshaller' (OnClassCondition)

   WebServicesAutoConfiguration:
      Did not match:
         - @ConditionalOnClass did not find required class 'org.springframework.ws.transport.http.MessageDispatcherServlet' (OnClassCondition)

   WebSessionIdResolverAutoConfiguration:
      Did not match:
         - @ConditionalOnClass did not find required class 'reactor.core.publisher.Mono' (OnClassCondition)

   WebSocketMessagingAutoConfiguration:
      Did not match:
         - @ConditionalOnClass did not find required class 'org.springframework.web.socket.config.annotation.WebSocketMessageBrokerConfigurer' (OnClassCondition)

   WebSocketReactiveAutoConfiguration:
      Did not match:
         - @ConditionalOnWebApplication did not find reactive web application classes (OnWebApplicationCondition)

   WebSocketServletAutoConfiguration.JettyWebSocketConfiguration:
      Did not match:
         - @ConditionalOnClass did not find required class 'org.eclipse.jetty.ee10.websocket.jakarta.server.config.JakartaWebSocketServletContainerInitializer' (OnClassCondition)

   WebSocketServletAutoConfiguration.UndertowWebSocketConfiguration:
      Did not match:
         - @ConditionalOnClass did not find required class 'io.undertow.websockets.jsr.Bootstrap' (OnClassCondition)

   XADataSourceAutoConfiguration:
      Did not match:
         - @ConditionalOnBean (types: org.springframework.boot.jdbc.XADataSourceWrapper; SearchStrategy: all) did not find any beans of type org.springframework.boot.jdbc.XADataSourceWrapper (OnBeanCondition)
      Matched:
         - @ConditionalOnClass found required classes 'javax.sql.DataSource', 'jakarta.transaction.TransactionManager', 'org.springframework.jdbc.datasource.embedded.EmbeddedDatabaseType' (OnClassCondition)


Exclusions:
-----------

    None


Unconditional classes:
----------------------

    org.springframework.boot.autoconfigure.context.ConfigurationPropertiesAutoConfiguration

    org.springframework.boot.autoconfigure.ssl.SslAutoConfiguration

    org.springframework.boot.autoconfigure.context.LifecycleAutoConfiguration

    org.springframework.boot.autoconfigure.context.PropertyPlaceholderAutoConfiguration

    org.springframework.boot.autoconfigure.availability.ApplicationAvailabilityAutoConfiguration

    org.springframework.boot.autoconfigure.info.ProjectInfoAutoConfiguration



2025-04-21T12:26:43.393-06:00  INFO 3449 --- [chambitasweb] [           main] c.c.c.ChambitaswebApplicationTests       : Started ChambitaswebApplicationTests in 1.213 seconds (process running for 1.556)
2025-04-21T12:26:43.393-06:00 DEBUG 3449 --- [chambitasweb] [           main] o.s.b.a.ApplicationAvailabilityBean      : Application availability state LivenessState changed to CORRECT
2025-04-21T12:26:43.394-06:00 DEBUG 3449 --- [chambitasweb] [           main] o.s.boot.devtools.restart.Restarter      : Creating new Restarter for thread Thread[#1,main,5,main]
2025-04-21T12:26:43.394-06:00 DEBUG 3449 --- [chambitasweb] [           main] o.s.b.a.ApplicationAvailabilityBean      : Application availability state ReadinessState changed to ACCEPTING_TRAFFIC
2025-04-21T12:26:43.394-06:00 DEBUG 3449 --- [chambitasweb] [           main] org.springframework.test.context.cache   : Spring test ApplicationContext cache statistics: [DefaultContextCache@66f5770e size = 1, maxSize = 32, parentContextCount = 0, hitCount = 0, missCount = 1, failureCount = 0]
2025-04-21T12:26:43.394-06:00 DEBUG 3449 --- [chambitasweb] [           main] o.s.t.c.w.ServletTestExecutionListener   : Setting up MockHttpServletRequest, MockHttpServletResponse, ServletWebRequest, and RequestContextHolder for test class com.chambitasweb.chambitasweb.ChambitaswebApplicationTests
2025-04-21T12:26:43.416-06:00 DEBUG 3449 --- [chambitasweb] [           main] DependencyInjectionTestExecutionListener : Performing dependency injection for test class com.chambitasweb.chambitasweb.ChambitaswebApplicationTests
2025-04-21T12:26:43.417-06:00 DEBUG 3449 --- [chambitasweb] [           main] org.springframework.test.context.cache   : Spring test ApplicationContext cache statistics: [DefaultContextCache@66f5770e size = 1, maxSize = 32, parentContextCount = 0, hitCount = 1, missCount = 1, failureCount = 0]
2025-04-21T12:26:43.417-06:00 DEBUG 3449 --- [chambitasweb] [           main] org.springframework.test.context.cache   : Spring test ApplicationContext cache statistics: [DefaultContextCache@66f5770e size = 1, maxSize = 32, parentContextCount = 0, hitCount = 2, missCount = 1, failureCount = 0]
2025-04-21T12:26:43.420-06:00 DEBUG 3449 --- [chambitasweb] [           main] sContextBeforeModesTestExecutionListener : Before test method: class [ChambitaswebApplicationTests], method [contextLoads], class annotated with @DirtiesContext [false] with mode [null], method annotated with @DirtiesContext [false] with mode [null]
2025-04-21T12:26:43.420-06:00 DEBUG 3449 --- [chambitasweb] [           main] org.springframework.test.context.cache   : Spring test ApplicationContext cache statistics: [DefaultContextCache@66f5770e size = 1, maxSize = 32, parentContextCount = 0, hitCount = 3, missCount = 1, failureCount = 0]
2025-04-21T12:26:43.421-06:00 DEBUG 3449 --- [chambitasweb] [           main] org.springframework.test.context.cache   : Spring test ApplicationContext cache statistics: [DefaultContextCache@66f5770e size = 1, maxSize = 32, parentContextCount = 0, hitCount = 4, missCount = 1, failureCount = 0]
2025-04-21T12:26:43.714-06:00 DEBUG 3449 --- [chambitasweb] [           main] org.springframework.test.context.cache   : Spring test ApplicationContext cache statistics: [DefaultContextCache@66f5770e size = 1, maxSize = 32, parentContextCount = 0, hitCount = 5, missCount = 1, failureCount = 0]
2025-04-21T12:26:43.715-06:00 DEBUG 3449 --- [chambitasweb] [           main] org.springframework.test.context.cache   : Spring test ApplicationContext cache statistics: [DefaultContextCache@66f5770e size = 1, maxSize = 32, parentContextCount = 0, hitCount = 6, missCount = 1, failureCount = 0]
2025-04-21T12:26:43.717-06:00 DEBUG 3449 --- [chambitasweb] [           main] org.springframework.test.context.cache   : Spring test ApplicationContext cache statistics: [DefaultContextCache@66f5770e size = 1, maxSize = 32, parentContextCount = 0, hitCount = 7, missCount = 1, failureCount = 0]
2025-04-21T12:26:43.717-06:00 DEBUG 3449 --- [chambitasweb] [           main] org.springframework.test.context.cache   : Spring test ApplicationContext cache statistics: [DefaultContextCache@66f5770e size = 1, maxSize = 32, parentContextCount = 0, hitCount = 8, missCount = 1, failureCount = 0]
2025-04-21T12:26:43.718-06:00 DEBUG 3449 --- [chambitasweb] [           main] org.springframework.test.context.cache   : Spring test ApplicationContext cache statistics: [DefaultContextCache@66f5770e size = 1, maxSize = 32, parentContextCount = 0, hitCount = 9, missCount = 1, failureCount = 0]
2025-04-21T12:26:43.718-06:00 DEBUG 3449 --- [chambitasweb] [           main] org.springframework.test.context.cache   : Spring test ApplicationContext cache statistics: [DefaultContextCache@66f5770e size = 1, maxSize = 32, parentContextCount = 0, hitCount = 10, missCount = 1, failureCount = 0]
2025-04-21T12:26:43.718-06:00 DEBUG 3449 --- [chambitasweb] [           main] org.springframework.test.context.cache   : Spring test ApplicationContext cache statistics: [DefaultContextCache@66f5770e size = 1, maxSize = 32, parentContextCount = 0, hitCount = 11, missCount = 1, failureCount = 0]
2025-04-21T12:26:43.718-06:00 DEBUG 3449 --- [chambitasweb] [           main] org.springframework.test.context.cache   : Spring test ApplicationContext cache statistics: [DefaultContextCache@66f5770e size = 1, maxSize = 32, parentContextCount = 0, hitCount = 12, missCount = 1, failureCount = 0]
2025-04-21T12:26:43.719-06:00 DEBUG 3449 --- [chambitasweb] [           main] org.springframework.test.context.cache   : Spring test ApplicationContext cache statistics: [DefaultContextCache@66f5770e size = 1, maxSize = 32, parentContextCount = 0, hitCount = 13, missCount = 1, failureCount = 0]
2025-04-21T12:26:43.719-06:00 DEBUG 3449 --- [chambitasweb] [           main] .c.s.DirtiesContextTestExecutionListener : After test method: class [ChambitaswebApplicationTests], method [contextLoads], class annotated with @DirtiesContext [false] with mode [null], method annotated with @DirtiesContext [false] with mode [null]
2025-04-21T12:26:43.719-06:00 DEBUG 3449 --- [chambitasweb] [           main] o.s.t.c.w.ServletTestExecutionListener   : Resetting RequestContextHolder for test class com.chambitasweb.chambitasweb.ChambitaswebApplicationTests
]]></system-out>
    <system-err><![CDATA[Mockito is currently self-attaching to enable the inline-mock-maker. This will no longer work in future releases of the JDK. Please add Mockito as an agent to your build what is described in Mockito's documentation: https://javadoc.io/doc/org.mockito/mockito-core/latest/org/mockito/Mockito.html#0.3
WARNING: A Java agent has been loaded dynamically (/Users/arturoluuna/.m2/repository/net/bytebuddy/byte-buddy-agent/1.15.11/byte-buddy-agent-1.15.11.jar)
WARNING: If a serviceability tool is in use, please run with -XX:+EnableDynamicAgentLoading to hide this warning
WARNING: If a serviceability tool is not in use, please run with -Djdk.instrument.traceUsage for more information
WARNING: Dynamic loading of agents will be disallowed by default in a future release
]]></system-err>
  </testcase>
</testsuite>